<?xml version="1.0" encoding="UTF-8" ?>
<testsuites>
  <testsuite errors="11" failures="41" hostname="ZC161" id="0" name="AllTests" package="com.zircon.pharmacyApplicationTest" skipped="0" tests="102" time="219.151" timestamp="2018-12-12T12:03:51">
      <properties>
[...]
</properties>

      <testcase classname="com.zircon.pharmacyApplicationTest.PrescriptionItem.Requirement_1_2_2" name="Should_AddItem_When_PharmNameIsValidChar" time="0.001" />

      <testcase classname="com.zircon.pharmacyApplicationTest.PrescriptionItem.Requirement_1_2_2" name="Should_AddItem_When_PharmNameIsValidIntegers" time="0.0" />

      <testcase classname="com.zircon.pharmacyApplicationTest.PrescriptionItem.Requirement_1_2_2" name="Should_ThrowError_When_PharmaNameIsEmptyString" time="0.0" />

      <testcase classname="com.zircon.pharmacyApplicationTest.PrescriptionItem.Requirement_1_2_3" name="Should_AddItem_When_ValidDailyDoseOf10" time="0.0" />

      <testcase classname="com.zircon.pharmacyApplicationTest.PrescriptionItem.Requirement_1_2_3" name="Should_AddItem_When_ValidDailyDoseOf1" time="0.0" />

      <testcase classname="com.zircon.pharmacyApplicationTest.PrescriptionItem.Requirement_1_2_3" name="Should_ThrowError_When_InvalidDailyDoseOf0" time="0.0" />

      <testcase classname="com.zircon.pharmacyApplicationTest.PrescriptionItem.Requirement_1_2_3" name="Should_ThrowError_When_InvalidDailyDoseOfNegativeNumber" time="0.0" />

      <testcase classname="com.zircon.pharmacyApplicationTest.PrescriptionItem.Requirement_1_2_4" name="Should_ThrowError_When_InvalidDurationOf0" time="0.0" />

      <testcase classname="com.zircon.pharmacyApplicationTest.PrescriptionItem.Requirement_1_2_4" name="Should_AddItem_When_ValidDurationOf1" time="0.0" />

      <testcase classname="com.zircon.pharmacyApplicationTest.PrescriptionItem.Requirement_1_2_4" name="Should_AddItem_When_ValidDurationOf10" time="0.0" />

      <testcase classname="com.zircon.pharmacyApplicationTest.PrescriptionItem.Requirement_1_2_4" name="Should_ThrowError_When_InvalidDurationOfNegativeNumber" time="0.0" />

      <testcase classname="com.zircon.pharmacyApplicationTest.PrescriptionItem.Requirement_1_2_5" name="Should_AddItem_When_ValidContainerSizeOf10" time="0.0" />

      <testcase classname="com.zircon.pharmacyApplicationTest.PrescriptionItem.Requirement_1_2_5" name="Should_AddItem_When_ValidContainerSizeOf1" time="0.0" />

      <testcase classname="com.zircon.pharmacyApplicationTest.PrescriptionItem.Requirement_1_2_5" name="Should_ThrowError_When_InvalidContainerSizeOfNegativeNumber" time="0.0" />

      <testcase classname="com.zircon.pharmacyApplicationTest.PrescriptionItem.Requirement_1_2_5" name="Should_ThrowError_When_InvalidContainerSizeOf0" time="0.0" />

      <testcase classname="com.zircon.pharmacyApplicationTest.PrescriptionItem.Requirement_1_2_6" name="Should_AddItem_With_ValidAvailableOverTheCounterSetToTrue" time="0.0" />

      <testcase classname="com.zircon.pharmacyApplicationTest.PrescriptionItem.Requirement_1_2_6" name="Should_AddItem_With_ValidAvailableOverTheCounterSetToFalse" time="0.0" />

      <testcase classname="com.zircon.pharmacyApplicationTest.PrescriptionItem.Requirement_1_2_7" name="Should_AddItem_With_ValidCommentMadeOfIntegers" time="0.0" />

      <testcase classname="com.zircon.pharmacyApplicationTest.PrescriptionItem.Requirement_1_2_7" name="Should_ThrowError_With_InvalidCommentMadeOfEmptyString" time="0.0" />

      <testcase classname="com.zircon.pharmacyApplicationTest.PrescriptionItem.Requirement_1_2_7" name="Should_AddItem_With_ValidCommentMadeOfChars" time="0.0" />

      <testcase classname="com.zircon.pharmacyApplicationTest.PrescriptionItem.Requirement_1_2_8" name="Should_HaveOneContainer_When_AddingItemWithSmallContainer" time="0.0" />

      <testcase classname="com.zircon.pharmacyApplicationTest.PrescriptionItem.Requirement_1_2_8" name="Should_HaveManyContainer_When_AddingItemWithWellOverFullContainer" time="0.0" />

      <testcase classname="com.zircon.pharmacyApplicationTest.PrescriptionItem.Requirement_1_2_8" name="Should_HaveTwoContainer_When_AddingItemWithOverFullContainer" time="0.0" />

      <testcase classname="com.zircon.pharmacyApplicationTest.PrescriptionItem.Requirement_1_2_8" name="Should_HaveOneContainer_When_AddingItemWithFullContainer" time="0.0" />

      <testcase classname="com.zircon.pharmacyApplicationTest.PrescriptionItem.Requirement_1_2_9" name="Should_DurationNotUpdate_WhenAdjustDurationByNegativeNumber" time="0.0" />

      <testcase classname="com.zircon.pharmacyApplicationTest.PrescriptionItem.Requirement_1_2_9" name="Should_DurationNotUpdate_WhenAdjustDurationByZero" time="0.0" />

      <testcase classname="com.zircon.pharmacyApplicationTest.PrescriptionItem.Requirement_1_2_9" name="Should_DurationUpdateByOne_WhenAdjustDuration" time="0.0" />

      <testcase classname="com.zircon.pharmacyApplicationTest.Prescription.Requirement_1_1_1" name="Should_AddOneItem_When_AddButtonIsPressed" time="0.001" />

      <testcase classname="com.zircon.pharmacyApplicationTest.Prescription.Requirement_1_1_1" name="Should_AddTwoItems_When_AddButtonIsPressed" time="0.0" />

      <testcase classname="com.zircon.pharmacyApplicationTest.Prescription.Requirement_1_1_2" name="Should_OnlyHaveOneItem_When_AddingTheSameItem" time="0.0" />

      <testcase classname="com.zircon.pharmacyApplicationTest.Prescription.Requirement_1_1_2" name="Should_OnlyHaveOneItem_When_AddingTheSameItemMultipleTimes" time="0.0" />

      <testcase classname="com.zircon.pharmacyApplicationTest.Prescription.Requirement_1_1_5" name="Should_NotRemoveItem_When_RemovingItemThatDoesNotExist" time="0.0" />

      <testcase classname="com.zircon.pharmacyApplicationTest.Prescription.Requirement_1_1_5" name="Should_RemoveOneItemFromListOfTwo_When_RemovingItem" time="0.0" />

      <testcase classname="com.zircon.pharmacyApplicationTest.Prescription.Requirement_1_1_5" name="Should_RemoveBothItemsFromListOfTwo_When_RemovingItem" time="0.0" />

      <testcase classname="com.zircon.pharmacyApplicationTest.Prescription.Requirement_1_1_5" name="SHould_RemoveOneItem_When_RemovingItem" time="0.0" />

      <testcase classname="com.zircon.pharmacyApplicationTest.Prescription.Requirement_1_1_6" name="Should_ClearTwoItems_When_ClearingItem" time="0.0" />

      <testcase classname="com.zircon.pharmacyApplicationTest.Prescription.Requirement_1_1_6" name="Should_ClearItem_When_ClearingItem" time="0.0" />

      <testcase classname="com.zircon.pharmacyApplicationTest.Prescription.Requirement_1_1_7" name="Should_ReturnNumberOfPrescriptionItemsOne_When_OneItem" time="0.0" />

      <testcase classname="com.zircon.pharmacyApplicationTest.Prescription.Requirement_1_1_7" name="Should_ReturnNumberOfPrescriptionItemsZero_When_ByDefault" time="0.0" />

      <testcase classname="com.zircon.pharmacyApplicationTest.Prescription.Requirement_1_1_7" name="Should_ReturnNumberOfPrescriptionItemsTwo_When_TwoItems" time="0.0" />

      <testcase classname="com.zircon.pharmacyApplicationTest.Prescription.Requirement_1_1_8" name="Should_ReturnNumberOfContainersItemsZero_When_ByDefault" time="0.0" />

      <testcase classname="com.zircon.pharmacyApplicationTest.Prescription.Requirement_1_1_8" name="Should_ReturnNumberOfContainersItemsTwo_When_TwoItems" time="0.0" />

      <testcase classname="com.zircon.pharmacyApplicationTest.Prescription.Requirement_1_1_8" name="Should_ReturnNumberOfContainersItemsOne_When_OneItem" time="0.0" />

      <testcase classname="com.zircon.pharmacyApplicationTest.Prescription.Requirement_1_1_9" name="Should_NotAddItem_With_NegativeDuration" time="0.0" />

      <testcase classname="com.zircon.pharmacyApplicationTest.Prescription.Requirement_1_1_9" name="Should_NotAddItem_With_ZeroDuration" time="0.0" />

      <testcase classname="com.zircon.pharmacyApplicationTest.Prescription.Requirement_1_1_10" name="Should_IncreaseDuration_When_AddingTheSamePrescriptionItem" time="0.0" />

      <testcase classname="com.zircon.pharmacyApplicationTest.Prescription.Requirement_1_1_10" name="Should_IncreaseDuration_When_AddingTheSamePrescriptionItemWithDifferentDuration" time="0.0" />

      <testcase classname="com.zircon.pharmacyApplicationTest.Prescription.Requirement_1_1_10" name="Should_KeepSameDuration_When_AddingTheSamePrescriptionItemWithNegativeDuration" time="0.0" />

      <testcase classname="com.zircon.pharmacyApplicationTest.Prescription.Requirement_1_1_10" name="Should_KeepSameDuration_When_AddingTheSamePrescriptionItemWithNoDuration" time="0.0" />

      <testcase classname="com.zircon.pharmacyApplicationTest.Prescription.Requirement_1_1_11" name="Should_ChangeDailyDose_When_AddingTheSamePrescriptionItemWithFirstItemDifferentDailyDose" time="0.0" />

      <testcase classname="com.zircon.pharmacyApplicationTest.Prescription.Requirement_1_1_11" name="Should_ChangeDailyDose_When_AddingTheSamePrescriptionItemWithSecondItemDifferentDailyDose" time="0.0" />

      <testcase classname="com.zircon.pharmacyApplicationTest.Prescription.Requirement_1_1_11" name="Should_NotChangeDailyDose_When_AddingTheSamePrescriptionItem" time="0.0" />

      <testcase classname="com.zircon.pharmacyApplicationTest.UI.Requirement_1_3_1" name="Should_DisplayTwoPharmaceuticalNames_When_ClickDropDown" time="2.917" />

      <testcase classname="com.zircon.pharmacyApplicationTest.UI.Requirement_1_3_1" name="Should_DisplayOnePharmaceuticalName_When_ClickDropDown" time="1.335" />

      <testcase classname="com.zircon.pharmacyApplicationTest.UI.Requirement_1_3_2" name="Should_DisplayPharmaceuticalName_When_SelectMedicineFromDropDown" time="4.383" />

      <testcase classname="com.zircon.pharmacyApplicationTest.UI.Requirement_1_3_3" name="Should_DisplayRecommendedDailyDose_When_ByDefault" time="3.187">
          <failure type="junit.framework.AssertionFailedError">junit.framework.AssertionFailedError
	at com.zircon.pharmacyApplicationTest.UI.Requirement_1_3_3.Should_DisplayRecommendedDailyDose_When_ByDefault(Requirement_1_3_3.java:44)
</failure>

      </testcase>

      <testcase classname="com.zircon.pharmacyApplicationTest.UI.Requirement_1_3_3" name="Should_DisplayRecommendedDailyDoseForEachMedicine_When_MedicineIsChanged" time="5.162">
          <failure type="junit.framework.AssertionFailedError">junit.framework.AssertionFailedError
	at com.zircon.pharmacyApplicationTest.UI.Requirement_1_3_3.Should_DisplayRecommendedDailyDoseForEachMedicine_When_MedicineIsChanged(Requirement_1_3_3.java:58)
</failure>

          <failure message="&#xa;  Expectation failure on verify:&#xa;    DAL.getPharmaInfo(&lt;any&gt;): expected: 3, actual: 2" type="junit.framework.AssertionFailedError">junit.framework.AssertionFailedError: 
  Expectation failure on verify:
    DAL.getPharmaInfo(&lt;any&gt;): expected: 3, actual: 2
	at org.easymock.internal.MocksControl.verify(MocksControl.java:242)
	at org.easymock.EasyMock.verify(EasyMock.java:2089)
	at com.zircon.pharmacyApplicationTest.UI.Requirement_1_3_3.tearDown(Requirement_1_3_3.java:67)
</failure>

      </testcase>

      <testcase classname="com.zircon.pharmacyApplicationTest.UI.Requirement_1_3_4" name="Should_DisplayPhialWithOneMl_When_SizeIsOneAndContainerTypeIsPhial" time="1.098" />

      <testcase classname="com.zircon.pharmacyApplicationTest.UI.Requirement_1_3_4" name="Should_DisplayBoxWithTenTablets_When_SizeIsTenAndContainerTypeIsBox" time="1.197" />

      <testcase classname="com.zircon.pharmacyApplicationTest.UI.Requirement_1_3_4" name="Should_DisplayPhialWithTenTablets_When_SizeIsTenAndContainerTypeIsPhial" time="1.107" />

      <testcase classname="com.zircon.pharmacyApplicationTest.UI.Requirement_1_3_4" name="Should_DisplayBottleWithTenMl_When_SizeIsTenAndContainerTypeIsBottle" time="0.581" />

      <testcase classname="com.zircon.pharmacyApplicationTest.UI.Requirement_1_3_4" name="Should_DisplayBoxWithOneTablet_When_SizeIsOneAndContainerTypeIsBox" time="3.129">
          <failure type="junit.framework.AssertionFailedError">junit.framework.AssertionFailedError
	at com.zircon.pharmacyApplicationTest.UI.Requirement_1_3_4.Should_DisplayBoxWithOneTablet_When_SizeIsOneAndContainerTypeIsBox(Requirement_1_3_4.java:80)
</failure>

      </testcase>

      <testcase classname="com.zircon.pharmacyApplicationTest.UI.Requirement_1_3_4" name="Should_DisplayTubeWithTenTablets_When_SizeIsTenAndContainerTypeIsTube" time="1.117" />

      <testcase classname="com.zircon.pharmacyApplicationTest.UI.Requirement_1_3_4" name="Should_DisplayBottleWithOneMl_When_SizeIsOneAndContainerTypeIsBottle" time="0.592" />

      <testcase classname="com.zircon.pharmacyApplicationTest.UI.Requirement_1_3_4" name="Should_DisplayDescription_When_ByDefault" time="3.155">
          <failure type="junit.framework.AssertionFailedError">junit.framework.AssertionFailedError
	at com.zircon.pharmacyApplicationTest.UI.Requirement_1_3_4.Should_DisplayDescription_When_ByDefault(Requirement_1_3_4.java:44)
</failure>

      </testcase>

      <testcase classname="com.zircon.pharmacyApplicationTest.UI.Requirement_1_3_4" name="Should_UpdateDescription_When_NewMedicineIsSelected" time="5.141">
          <failure type="junit.framework.AssertionFailedError">junit.framework.AssertionFailedError
	at com.zircon.pharmacyApplicationTest.UI.Requirement_1_3_4.Should_UpdateDescription_When_NewMedicineIsSelected(Requirement_1_3_4.java:57)
</failure>

      </testcase>

      <testcase classname="com.zircon.pharmacyApplicationTest.UI.Requirement_1_3_4" name="Should_DisplayTubeWithOneMl_When_SizeIsOneAndContainerTypeIsTube" time="1.075" />

      <testcase classname="com.zircon.pharmacyApplicationTest.UI.Requirement_1_3_4" name="Should_DisplayAvailableOverTheConter_When_AvailableOverTheCounterIsTrue" time="3.183">
          <failure type="junit.framework.AssertionFailedError">junit.framework.AssertionFailedError
	at com.zircon.pharmacyApplicationTest.UI.Requirement_1_3_4.Should_DisplayAvailableOverTheConter_When_AvailableOverTheCounterIsTrue(Requirement_1_3_4.java:67)
</failure>

          <failure message="&#xa;  Expectation failure on verify:&#xa;    DAL.getPharmaInfo(&lt;any&gt;): expected: 2, actual: 1" type="junit.framework.AssertionFailedError">junit.framework.AssertionFailedError: 
  Expectation failure on verify:
    DAL.getPharmaInfo(&lt;any&gt;): expected: 2, actual: 1
	at org.easymock.internal.MocksControl.verify(MocksControl.java:242)
	at org.easymock.EasyMock.verify(EasyMock.java:2089)
	at com.zircon.pharmacyApplicationTest.UI.Requirement_1_3_4.tearDown(Requirement_1_3_4.java:148)
</failure>

      </testcase>

      <testcase classname="com.zircon.pharmacyApplicationTest.UI.Requirement_1_3_6" name="Should_PrescribedDailyDoseIncrementByOne_When_IncreasingValue" time="5.438">
          <failure type="junit.framework.AssertionFailedError">junit.framework.AssertionFailedError
	at com.zircon.pharmacyApplicationTest.UI.Requirement_1_3_6.Should_PrescribedDailyDoseIncrementByOne_When_IncreasingValue(Requirement_1_3_6.java:65)
</failure>

      </testcase>

      <testcase classname="com.zircon.pharmacyApplicationTest.UI.Requirement_1_3_6" name="Should_DisplayPrescribedDailyDose_When_ByDefault" time="3.141">
          <failure type="junit.framework.AssertionFailedError">junit.framework.AssertionFailedError
	at com.zircon.pharmacyApplicationTest.UI.Requirement_1_3_6.Should_DisplayPrescribedDailyDose_When_ByDefault(Requirement_1_3_6.java:49)
</failure>

      </testcase>

      <testcase classname="com.zircon.pharmacyApplicationTest.UI.Requirement_1_3_6" name="Should_PrescribedDailyDoseStayAtOne_When_DecrementedBelowOne" time="4.75" />

      <testcase classname="com.zircon.pharmacyApplicationTest.UI.Requirement_1_3_7" name="Should_PrescribedDailyDoseStopAtRecommendedDailyDose_When_DailyDoseIsFive" time="11.477">
          <failure type="junit.framework.AssertionFailedError">junit.framework.AssertionFailedError
	at com.zircon.pharmacyApplicationTest.UI.Requirement_1_3_7.Should_PrescribedDailyDoseStopAtRecommendedDailyDose_When_DailyDoseIsFive(Requirement_1_3_7.java:66)
</failure>

      </testcase>

      <testcase classname="com.zircon.pharmacyApplicationTest.UI.Requirement_1_3_7" name="Should_PrescribedDailyDoseStopAtRecommendedDailyDose_When_DailyDoseIsOne" time="4.376" />

      <testcase classname="com.zircon.pharmacyApplicationTest.UI.Requirement_1_3_8" name="Should_DisplayDuration_When_ByDefault" time="0.527" />

      <testcase classname="com.zircon.pharmacyApplicationTest.UI.Requirement_1_3_8" name="Should_DurationStayAtOne_When_DecrementedBelowOne" time="4.471" />

      <testcase classname="com.zircon.pharmacyApplicationTest.UI.Requirement_1_3_8" name="Should_DurationIncrementByOne_When_IncreasingValue" time="5.639" />

      <testcase classname="com.zircon.pharmacyApplicationTest.UI.Requirement_1_3_9" name="Should_AddOneItemWithOneDuration_When_AddButtonPressed" time="5.088">
          <failure type="junit.framework.AssertionFailedError">junit.framework.AssertionFailedError
	at com.zircon.pharmacyApplicationTest.UI.Requirement_1_3_9.Should_AddOneItemWithOneDuration_When_AddButtonPressed(Requirement_1_3_9.java:69)
</failure>

      </testcase>

      <testcase classname="com.zircon.pharmacyApplicationTest.UI.Requirement_1_3_9" name="Should_AddOneItemWithTenDuration_When_AddButtonPressed" time="5.022">
          <failure type="junit.framework.AssertionFailedError">junit.framework.AssertionFailedError
	at com.zircon.pharmacyApplicationTest.UI.Requirement_1_3_9.Should_AddOneItemWithTenDuration_When_AddButtonPressed(Requirement_1_3_9.java:83)
</failure>

      </testcase>

      <testcase classname="com.zircon.pharmacyApplicationTest.UI.Requirement_1_3_9" name="Should_AddTwoItems_When_AddingDifferentMedicines" time="7.627">
          <failure type="junit.framework.AssertionFailedError">junit.framework.AssertionFailedError
	at com.zircon.pharmacyApplicationTest.UI.Requirement_1_3_9.Should_AddTwoItems_When_AddingDifferentMedicines(Requirement_1_3_9.java:107)
</failure>

      </testcase>

      <testcase classname="com.zircon.pharmacyApplicationTest.UI.Requirement_1_3_10" name="Should_RemoveRow_When_RemoveButtonIsPressed" time="5.02">
          <error message="imgs/table-one-item.png: (915x121) in S(0)[0,0 1920x1080] E:Y, T:3.0" type="org.sikuli.script.FindFailed">FindFailed: imgs/table-one-item.png: (915x121) in S(0)[0,0 1920x1080] E:Y, T:3.0
  Line 2761, in file Region.java

	at org.sikuli.script.Region.wait(Region.java:2761)
	at org.sikuli.script.Region.find(Region.java:2326)
	at org.sikuli.script.Region.getLocationFromTarget(Region.java:3220)
	at org.sikuli.script.Region.click(Region.java:3718)
	at org.sikuli.script.Region.click(Region.java:3703)
	at com.zircon.pharmacyApplicationTest.UI.Requirement_1_3_10.Should_RemoveRow_When_RemoveButtonIsPressed(Requirement_1_3_10.java:103)
</error>

          <failure message="&#xa;  Expectation failure on verify:&#xa;    Prescription.addPrescriptionItem(&quot;Medicine1&quot;, 1 (int), 1 (int), 1 (int), false, &quot;Comment; Comes in a 1ml Bottle&quot;, 1 (int)): expected: 1, actual: 0&#xa;    Prescription.removePrescriptionItem(&quot;Medicine1&quot;): expected: 1, actual: 0&#xa;    Prescription.getPrescriptionItems(): expected: 2, actual: 0" type="junit.framework.AssertionFailedError">junit.framework.AssertionFailedError: 
  Expectation failure on verify:
    Prescription.addPrescriptionItem(&quot;Medicine1&quot;, 1 (int), 1 (int), 1 (int), false, &quot;Comment; Comes in a 1ml Bottle&quot;, 1 (int)): expected: 1, actual: 0
    Prescription.removePrescriptionItem(&quot;Medicine1&quot;): expected: 1, actual: 0
    Prescription.getPrescriptionItems(): expected: 2, actual: 0
	at org.easymock.internal.MocksControl.verify(MocksControl.java:242)
	at org.easymock.EasyMock.verify(EasyMock.java:2089)
	at com.zircon.pharmacyApplicationTest.UI.Requirement_1_3_10.tearDown(Requirement_1_3_10.java:154)
</failure>

      </testcase>

      <testcase classname="com.zircon.pharmacyApplicationTest.UI.Requirement_1_3_10" name="Should_RemoveCorrectRow_When_RemoveButtonIsPressedOnSpecificRow" time="5.329">
          <error message="imgs/combo-box-three-items.png: (202x55) in S(0)[0,0 1920x1080] E:Y, T:3.0" type="org.sikuli.script.FindFailed">FindFailed: imgs/combo-box-three-items.png: (202x55) in S(0)[0,0 1920x1080] E:Y, T:3.0
  Line 2761, in file Region.java

	at org.sikuli.script.Region.wait(Region.java:2761)
	at org.sikuli.script.Region.find(Region.java:2326)
	at org.sikuli.script.Region.getLocationFromTarget(Region.java:3220)
	at org.sikuli.script.Region.click(Region.java:3718)
	at org.sikuli.script.Region.click(Region.java:3703)
	at com.zircon.pharmacyApplicationTest.UI.Requirement_1_3_10.Should_RemoveCorrectRow_When_RemoveButtonIsPressedOnSpecificRow(Requirement_1_3_10.java:136)
</error>

          <failure message="&#xa;  Expectation failure on verify:&#xa;    Prescription.addPrescriptionItem(&quot;Medicine2&quot;, 1 (int), 1 (int), 1 (int), false, &quot;Comment; Comes in a 1ml Bottle&quot;, 1 (int)): expected: 1, actual: 0&#xa;    Prescription.removePrescriptionItem(&quot;Medicine1&quot;): expected: 1, actual: 0&#xa;    Prescription.getPrescriptionItems(): expected: 3, actual: 1" type="junit.framework.AssertionFailedError">junit.framework.AssertionFailedError: 
  Expectation failure on verify:
    Prescription.addPrescriptionItem(&quot;Medicine2&quot;, 1 (int), 1 (int), 1 (int), false, &quot;Comment; Comes in a 1ml Bottle&quot;, 1 (int)): expected: 1, actual: 0
    Prescription.removePrescriptionItem(&quot;Medicine1&quot;): expected: 1, actual: 0
    Prescription.getPrescriptionItems(): expected: 3, actual: 1
	at org.easymock.internal.MocksControl.verify(MocksControl.java:242)
	at org.easymock.EasyMock.verify(EasyMock.java:2089)
	at com.zircon.pharmacyApplicationTest.UI.Requirement_1_3_10.tearDown(Requirement_1_3_10.java:154)
</failure>

      </testcase>

      <testcase classname="com.zircon.pharmacyApplicationTest.UI.Requirement_1_3_10" name="Should_DisableRemovButton_When_ByDefault" time="3.588">
          <failure type="junit.framework.AssertionFailedError">junit.framework.AssertionFailedError
	at com.zircon.pharmacyApplicationTest.UI.Requirement_1_3_10.Should_DisableRemovButton_When_ByDefault(Requirement_1_3_10.java:59)
</failure>

      </testcase>

      <testcase classname="com.zircon.pharmacyApplicationTest.UI.Requirement_1_3_10" name="Should_EnableRemoveButton_When_RowIsSelected" time="3.61">
          <failure type="junit.framework.AssertionFailedError">junit.framework.AssertionFailedError
	at com.zircon.pharmacyApplicationTest.UI.Requirement_1_3_10.Should_EnableRemoveButton_When_RowIsSelected(Requirement_1_3_10.java:73)
</failure>

          <failure message="&#xa;  Expectation failure on verify:&#xa;    Prescription.addPrescriptionItem(&quot;Medicine1&quot;, 1 (int), 1 (int), 1 (int), false, &quot;Comment; Comes in a 1ml Bottle&quot;, 1 (int)): expected: 1, actual: 0&#xa;    Prescription.getPrescriptionItems(): expected: 1, actual: 0" type="junit.framework.AssertionFailedError">junit.framework.AssertionFailedError: 
  Expectation failure on verify:
    Prescription.addPrescriptionItem(&quot;Medicine1&quot;, 1 (int), 1 (int), 1 (int), false, &quot;Comment; Comes in a 1ml Bottle&quot;, 1 (int)): expected: 1, actual: 0
    Prescription.getPrescriptionItems(): expected: 1, actual: 0
	at org.easymock.internal.MocksControl.verify(MocksControl.java:242)
	at org.easymock.EasyMock.verify(EasyMock.java:2089)
	at com.zircon.pharmacyApplicationTest.UI.Requirement_1_3_10.tearDown(Requirement_1_3_10.java:154)
</failure>

      </testcase>

      <testcase classname="com.zircon.pharmacyApplicationTest.UI.Requirement_1_3_11" name="Should_EnableClearButton_When_RowIsSelected" time="3.373">
          <failure type="junit.framework.AssertionFailedError">junit.framework.AssertionFailedError
	at com.zircon.pharmacyApplicationTest.UI.Requirement_1_3_11.Should_EnableClearButton_When_RowIsSelected(Requirement_1_3_11.java:73)
</failure>

          <failure message="&#xa;  Expectation failure on verify:&#xa;    Prescription.addPrescriptionItem(&quot;Medicine1&quot;, 1 (int), 1 (int), 1 (int), false, &quot;Comment; Comes in a 1ml Bottle&quot;, 1 (int)): expected: 1, actual: 0&#xa;    Prescription.getPrescriptionItems(): expected: 1, actual: 0" type="junit.framework.AssertionFailedError">junit.framework.AssertionFailedError: 
  Expectation failure on verify:
    Prescription.addPrescriptionItem(&quot;Medicine1&quot;, 1 (int), 1 (int), 1 (int), false, &quot;Comment; Comes in a 1ml Bottle&quot;, 1 (int)): expected: 1, actual: 0
    Prescription.getPrescriptionItems(): expected: 1, actual: 0
	at org.easymock.internal.MocksControl.verify(MocksControl.java:242)
	at org.easymock.EasyMock.verify(EasyMock.java:2089)
	at com.zircon.pharmacyApplicationTest.UI.Requirement_1_3_11.tearDown(Requirement_1_3_11.java:149)
</failure>

      </testcase>

      <testcase classname="com.zircon.pharmacyApplicationTest.UI.Requirement_1_3_11" name="Should_DisableClearButton_When_ByDefault" time="3.379">
          <failure type="junit.framework.AssertionFailedError">junit.framework.AssertionFailedError
	at com.zircon.pharmacyApplicationTest.UI.Requirement_1_3_11.Should_DisableClearButton_When_ByDefault(Requirement_1_3_11.java:59)
</failure>

      </testcase>

      <testcase classname="com.zircon.pharmacyApplicationTest.UI.Requirement_1_3_11" name="Should_RemoveMultipleRows_When_ClearButtonIsPressed" time="7.535">
          <failure type="junit.framework.AssertionFailedError">junit.framework.AssertionFailedError
	at com.zircon.pharmacyApplicationTest.UI.Requirement_1_3_11.Should_RemoveMultipleRows_When_ClearButtonIsPressed(Requirement_1_3_11.java:137)
</failure>

          <failure message="&#xa;  Expectation failure on verify:&#xa;    Prescription.clearPrescription(): expected: 1, actual: 0" type="junit.framework.AssertionFailedError">junit.framework.AssertionFailedError: 
  Expectation failure on verify:
    Prescription.clearPrescription(): expected: 1, actual: 0
	at org.easymock.internal.MocksControl.verify(MocksControl.java:242)
	at org.easymock.EasyMock.verify(EasyMock.java:2089)
	at com.zircon.pharmacyApplicationTest.UI.Requirement_1_3_11.tearDown(Requirement_1_3_11.java:149)
</failure>

      </testcase>

      <testcase classname="com.zircon.pharmacyApplicationTest.UI.Requirement_1_3_11" name="Should_RemoveRow_When_ClearButtonIsPressed" time="3.424">
          <failure type="junit.framework.AssertionFailedError">junit.framework.AssertionFailedError
	at com.zircon.pharmacyApplicationTest.UI.Requirement_1_3_11.Should_RemoveRow_When_ClearButtonIsPressed(Requirement_1_3_11.java:94)
</failure>

          <failure message="&#xa;  Expectation failure on verify:&#xa;    Prescription.addPrescriptionItem(&quot;Medicine1&quot;, 1 (int), 1 (int), 1 (int), false, &quot;Comment; Comes in a 1ml Bottle&quot;, 1 (int)): expected: 1, actual: 0&#xa;    Prescription.clearPrescription(): expected: 1, actual: 0&#xa;    Prescription.getPrescriptionItems(): expected: 1, actual: 0" type="junit.framework.AssertionFailedError">junit.framework.AssertionFailedError: 
  Expectation failure on verify:
    Prescription.addPrescriptionItem(&quot;Medicine1&quot;, 1 (int), 1 (int), 1 (int), false, &quot;Comment; Comes in a 1ml Bottle&quot;, 1 (int)): expected: 1, actual: 0
    Prescription.clearPrescription(): expected: 1, actual: 0
    Prescription.getPrescriptionItems(): expected: 1, actual: 0
	at org.easymock.internal.MocksControl.verify(MocksControl.java:242)
	at org.easymock.EasyMock.verify(EasyMock.java:2089)
	at com.zircon.pharmacyApplicationTest.UI.Requirement_1_3_11.tearDown(Requirement_1_3_11.java:149)
</failure>

      </testcase>

      <testcase classname="com.zircon.pharmacyApplicationTest.UI.Requirement_1_3_12" name="Should_ExitApplication_When_ExitButtonClicked" time="3.135">
          <error message="imgs/exit-button.png: (85x28) in S(0)[0,0 1920x1080] E:Y, T:3.0" type="org.sikuli.script.FindFailed">FindFailed: imgs/exit-button.png: (85x28) in S(0)[0,0 1920x1080] E:Y, T:3.0
  Line 2761, in file Region.java

	at org.sikuli.script.Region.wait(Region.java:2761)
	at org.sikuli.script.Region.find(Region.java:2326)
	at org.sikuli.script.Region.getLocationFromTarget(Region.java:3220)
	at org.sikuli.script.Region.click(Region.java:3718)
	at org.sikuli.script.Region.click(Region.java:3703)
	at com.zircon.pharmacyApplicationTest.UI.Requirement_1_3_12.Should_ExitApplication_When_ExitButtonClicked(Requirement_1_3_12.java:51)
</error>

      </testcase>

      <testcase classname="com.zircon.pharmacyApplicationTest.UI.Requirement_1_3_16" name="Should_PromptUserToAddCommentInDialogueBox_When_AddButtonIsPressedWhilstAddCommentIsChecked" time="5.747">
          <failure type="junit.framework.AssertionFailedError">junit.framework.AssertionFailedError
	at com.zircon.pharmacyApplicationTest.UI.Requirement_1_3_16.Should_PromptUserToAddCommentInDialogueBox_When_AddButtonIsPressedWhilstAddCommentIsChecked(Requirement_1_3_16.java:66)
</failure>

          <failure message="&#xa;  Unexpected method calls:&#xa;    Prescription.addPrescriptionItem(&quot;Medicine1&quot;, 1 (int), 1 (int), 1 (int), false, &quot;Comment; Comes in a 1ml Bottle&quot;, 1 (int))" type="junit.framework.AssertionFailedError">junit.framework.AssertionFailedError: 
  Unexpected method calls:
    Prescription.addPrescriptionItem(&quot;Medicine1&quot;, 1 (int), 1 (int), 1 (int), false, &quot;Comment; Comes in a 1ml Bottle&quot;, 1 (int))
	at org.easymock.internal.MocksControl.verify(MocksControl.java:242)
	at org.easymock.EasyMock.verify(EasyMock.java:2089)
	at com.zircon.pharmacyApplicationTest.UI.Requirement_1_3_16.tearDown(Requirement_1_3_16.java:94)
</failure>

      </testcase>

      <testcase classname="com.zircon.pharmacyApplicationTest.UI.Requirement_1_3_16" name="Should_AddCommentToPrescription_When_CommentIsTyped" time="6.224">
          <failure type="junit.framework.AssertionFailedError">junit.framework.AssertionFailedError
	at com.zircon.pharmacyApplicationTest.UI.Requirement_1_3_16.Should_AddCommentToPrescription_When_CommentIsTyped(Requirement_1_3_16.java:87)
</failure>

          <failure message="&#xa;  Expectation failure on verify:&#xa;    Prescription.addPrescriptionItem(&quot;Medicine1&quot;, 1 (int), 1 (int), 1 (int), false, &quot;Comment; Comes in a 1ml Bottle; Comment Test;&#xa;&quot;, 1 (int)): expected: 1, actual: 0&#xa;    Prescription.getPrescriptionItems(): expected: 1, actual: 0&#xa;  Unexpected method calls:&#xa;    Prescription.addPrescriptionItem(&quot;Medicine1&quot;, 1 (int), 1 (int), 1 (int), false, &quot;Comment; Comes in a 1ml Bottle&quot;, 1 (int))&#xa;    Prescription.addPrescriptionItem(&quot;Medicine1&quot;, 1 (int), 1 (int), 1 (int), false, &quot;Comment; Comes in a 1ml Bottle&quot;, 1 (int))" type="junit.framework.AssertionFailedError">junit.framework.AssertionFailedError: 
  Expectation failure on verify:
    Prescription.addPrescriptionItem(&quot;Medicine1&quot;, 1 (int), 1 (int), 1 (int), false, &quot;Comment; Comes in a 1ml Bottle; Comment Test;
&quot;, 1 (int)): expected: 1, actual: 0
    Prescription.getPrescriptionItems(): expected: 1, actual: 0
  Unexpected method calls:
    Prescription.addPrescriptionItem(&quot;Medicine1&quot;, 1 (int), 1 (int), 1 (int), false, &quot;Comment; Comes in a 1ml Bottle&quot;, 1 (int))
    Prescription.addPrescriptionItem(&quot;Medicine1&quot;, 1 (int), 1 (int), 1 (int), false, &quot;Comment; Comes in a 1ml Bottle&quot;, 1 (int))
	at org.easymock.internal.MocksControl.verify(MocksControl.java:242)
	at org.easymock.EasyMock.verify(EasyMock.java:2089)
	at com.zircon.pharmacyApplicationTest.UI.Requirement_1_3_16.tearDown(Requirement_1_3_16.java:94)
</failure>

      </testcase>

      <testcase classname="com.zircon.pharmacyApplicationTest.UI.Requirement_1_3_17" name="Should_AddNothing_When_ColonAndNewLineExist" time="6.064">
          <failure type="junit.framework.AssertionFailedError">junit.framework.AssertionFailedError
	at com.zircon.pharmacyApplicationTest.UI.Requirement_1_3_17.Should_AddNothing_When_ColonAndNewLineExist(Requirement_1_3_17.java:116)
</failure>

          <failure message="&#xa;  Expectation failure on verify:&#xa;    Prescription.addPrescriptionItem(&quot;Medicine1&quot;, 1 (int), 1 (int), 1 (int), false, &quot;Comment; Comes in a 1ml Bottle; Comment;&#xa;&quot;, 1 (int)): expected: 1, actual: 0&#xa;    Prescription.getPrescriptionItems(): expected: 1, actual: 0&#xa;  Unexpected method calls:&#xa;    Prescription.addPrescriptionItem(&quot;Medicine1&quot;, 1 (int), 1 (int), 1 (int), false, &quot;Comment; Comes in a 1ml Bottle&quot;, 1 (int))" type="junit.framework.AssertionFailedError">junit.framework.AssertionFailedError: 
  Expectation failure on verify:
    Prescription.addPrescriptionItem(&quot;Medicine1&quot;, 1 (int), 1 (int), 1 (int), false, &quot;Comment; Comes in a 1ml Bottle; Comment;
&quot;, 1 (int)): expected: 1, actual: 0
    Prescription.getPrescriptionItems(): expected: 1, actual: 0
  Unexpected method calls:
    Prescription.addPrescriptionItem(&quot;Medicine1&quot;, 1 (int), 1 (int), 1 (int), false, &quot;Comment; Comes in a 1ml Bottle&quot;, 1 (int))
	at org.easymock.internal.MocksControl.verify(MocksControl.java:242)
	at org.easymock.EasyMock.verify(EasyMock.java:2089)
	at com.zircon.pharmacyApplicationTest.UI.Requirement_1_3_17.tearDown(Requirement_1_3_17.java:123)
</failure>

      </testcase>

      <testcase classname="com.zircon.pharmacyApplicationTest.UI.Requirement_1_3_17" name="Should_AddNewLine_When_OnlyColonExists" time="6.9">
          <failure type="junit.framework.AssertionFailedError">junit.framework.AssertionFailedError
	at com.zircon.pharmacyApplicationTest.UI.Requirement_1_3_17.Should_AddNewLine_When_OnlyColonExists(Requirement_1_3_17.java:95)
</failure>

          <failure message="&#xa;  Expectation failure on verify:&#xa;    Prescription.addPrescriptionItem(&quot;Medicine1&quot;, 1 (int), 1 (int), 1 (int), false, &quot;Comment; Comes in a 1ml Bottle; Comment With No New Line;&#xa;&quot;, 1 (int)): expected: 1, actual: 0&#xa;    Prescription.getPrescriptionItems(): expected: 1, actual: 0&#xa;  Unexpected method calls:&#xa;    Prescription.addPrescriptionItem(&quot;Medicine1&quot;, 1 (int), 1 (int), 1 (int), false, &quot;Comment; Comes in a 1ml Bottle&quot;, 1 (int))&#xa;    Prescription.addPrescriptionItem(&quot;Medicine1&quot;, 1 (int), 1 (int), 1 (int), false, &quot;Comment; Comes in a 1ml Bottle&quot;, 1 (int))&#xa;    Prescription.addPrescriptionItem(&quot;Medicine1&quot;, 1 (int), 1 (int), 1 (int), false, &quot;Comment; Comes in a 1ml Bottle&quot;, 1 (int))&#xa;    Prescription.addPrescriptionItem(&quot;Medicine1&quot;, 1 (int), 1 (int), 1 (int), false, &quot;Comment; Comes in a 1ml Bottle&quot;, 1 (int))&#xa;    Prescription.addPrescriptionItem(&quot;Medicine1&quot;, 1 (int), 1 (int), 1 (int), false, &quot;Comment; Comes in a 1ml Bottle&quot;, 1 (int))" type="junit.framework.AssertionFailedError">junit.framework.AssertionFailedError: 
  Expectation failure on verify:
    Prescription.addPrescriptionItem(&quot;Medicine1&quot;, 1 (int), 1 (int), 1 (int), false, &quot;Comment; Comes in a 1ml Bottle; Comment With No New Line;
&quot;, 1 (int)): expected: 1, actual: 0
    Prescription.getPrescriptionItems(): expected: 1, actual: 0
  Unexpected method calls:
    Prescription.addPrescriptionItem(&quot;Medicine1&quot;, 1 (int), 1 (int), 1 (int), false, &quot;Comment; Comes in a 1ml Bottle&quot;, 1 (int))
    Prescription.addPrescriptionItem(&quot;Medicine1&quot;, 1 (int), 1 (int), 1 (int), false, &quot;Comment; Comes in a 1ml Bottle&quot;, 1 (int))
    Prescription.addPrescriptionItem(&quot;Medicine1&quot;, 1 (int), 1 (int), 1 (int), false, &quot;Comment; Comes in a 1ml Bottle&quot;, 1 (int))
    Prescription.addPrescriptionItem(&quot;Medicine1&quot;, 1 (int), 1 (int), 1 (int), false, &quot;Comment; Comes in a 1ml Bottle&quot;, 1 (int))
    Prescription.addPrescriptionItem(&quot;Medicine1&quot;, 1 (int), 1 (int), 1 (int), false, &quot;Comment; Comes in a 1ml Bottle&quot;, 1 (int))
	at org.easymock.internal.MocksControl.verify(MocksControl.java:242)
	at org.easymock.EasyMock.verify(EasyMock.java:2089)
	at com.zircon.pharmacyApplicationTest.UI.Requirement_1_3_17.tearDown(Requirement_1_3_17.java:123)
</failure>

      </testcase>

      <testcase classname="com.zircon.pharmacyApplicationTest.UI.Requirement_1_3_17" name="Should_AddColonAndNewLine_When_NeitherExists" time="7.222">
          <failure type="junit.framework.AssertionFailedError">junit.framework.AssertionFailedError
	at com.zircon.pharmacyApplicationTest.UI.Requirement_1_3_17.Should_AddColonAndNewLine_When_NeitherExists(Requirement_1_3_17.java:74)
</failure>

          <failure message="&#xa;  Expectation failure on verify:&#xa;    Prescription.addPrescriptionItem(&quot;Medicine1&quot;, 1 (int), 1 (int), 1 (int), false, &quot;Comment; Comes in a 1ml Bottle; Comment With No Colon Or New Line;&#xa;&quot;, 1 (int)): expected: 1, actual: 0&#xa;    Prescription.getPrescriptionItems(): expected: 1, actual: 0&#xa;  Unexpected method calls:&#xa;    Prescription.addPrescriptionItem(&quot;Medicine1&quot;, 1 (int), 1 (int), 1 (int), false, &quot;Comment; Comes in a 1ml Bottle&quot;, 1 (int))&#xa;    Prescription.addPrescriptionItem(&quot;Medicine1&quot;, 1 (int), 1 (int), 1 (int), false, &quot;Comment; Comes in a 1ml Bottle&quot;, 1 (int))&#xa;    Prescription.addPrescriptionItem(&quot;Medicine1&quot;, 1 (int), 1 (int), 1 (int), false, &quot;Comment; Comes in a 1ml Bottle&quot;, 1 (int))&#xa;    Prescription.addPrescriptionItem(&quot;Medicine1&quot;, 1 (int), 1 (int), 1 (int), false, &quot;Comment; Comes in a 1ml Bottle&quot;, 1 (int))&#xa;    Prescription.addPrescriptionItem(&quot;Medicine1&quot;, 1 (int), 1 (int), 1 (int), false, &quot;Comment; Comes in a 1ml Bottle&quot;, 1 (int))&#xa;    Prescription.addPrescriptionItem(&quot;Medicine1&quot;, 1 (int), 1 (int), 1 (int), false, &quot;Comment; Comes in a 1ml Bottle&quot;, 1 (int))&#xa;    Prescription.addPrescriptionItem(&quot;Medicine1&quot;, 1 (int), 1 (int), 1 (int), false, &quot;Comment; Comes in a 1ml Bottle&quot;, 1 (int))" type="junit.framework.AssertionFailedError">junit.framework.AssertionFailedError: 
  Expectation failure on verify:
    Prescription.addPrescriptionItem(&quot;Medicine1&quot;, 1 (int), 1 (int), 1 (int), false, &quot;Comment; Comes in a 1ml Bottle; Comment With No Colon Or New Line;
&quot;, 1 (int)): expected: 1, actual: 0
    Prescription.getPrescriptionItems(): expected: 1, actual: 0
  Unexpected method calls:
    Prescription.addPrescriptionItem(&quot;Medicine1&quot;, 1 (int), 1 (int), 1 (int), false, &quot;Comment; Comes in a 1ml Bottle&quot;, 1 (int))
    Prescription.addPrescriptionItem(&quot;Medicine1&quot;, 1 (int), 1 (int), 1 (int), false, &quot;Comment; Comes in a 1ml Bottle&quot;, 1 (int))
    Prescription.addPrescriptionItem(&quot;Medicine1&quot;, 1 (int), 1 (int), 1 (int), false, &quot;Comment; Comes in a 1ml Bottle&quot;, 1 (int))
    Prescription.addPrescriptionItem(&quot;Medicine1&quot;, 1 (int), 1 (int), 1 (int), false, &quot;Comment; Comes in a 1ml Bottle&quot;, 1 (int))
    Prescription.addPrescriptionItem(&quot;Medicine1&quot;, 1 (int), 1 (int), 1 (int), false, &quot;Comment; Comes in a 1ml Bottle&quot;, 1 (int))
    Prescription.addPrescriptionItem(&quot;Medicine1&quot;, 1 (int), 1 (int), 1 (int), false, &quot;Comment; Comes in a 1ml Bottle&quot;, 1 (int))
    Prescription.addPrescriptionItem(&quot;Medicine1&quot;, 1 (int), 1 (int), 1 (int), false, &quot;Comment; Comes in a 1ml Bottle&quot;, 1 (int))
	at org.easymock.internal.MocksControl.verify(MocksControl.java:242)
	at org.easymock.EasyMock.verify(EasyMock.java:2089)
	at com.zircon.pharmacyApplicationTest.UI.Requirement_1_3_17.tearDown(Requirement_1_3_17.java:123)
</failure>

      </testcase>

      <testcase classname="com.zircon.pharmacyApplicationTest.UI.Requirement_1_3_19" name="Should_DisableAddButton_When_PrescribedDailyDoseIsOverRecommendedDailyDose" time="3.137">
          <failure type="junit.framework.AssertionFailedError">junit.framework.AssertionFailedError
	at com.zircon.pharmacyApplicationTest.UI.Requirement_1_3_19.setUp(Requirement_1_3_19.java:46)
</failure>

      </testcase>

      <testcase classname="com.zircon.pharmacyApplicationTest.UI.Requirement_1_3_20" name="Should_EnableAddButtonIfExceedDailyDoseIsChecked_When_PrescribedDailyDoseIsOverRecommendedDailyDose" time="7.22">
          <error message="imgs/ok-button.png: (68x30) in S(0)[0,0 1920x1080] E:Y, T:3.0" type="org.sikuli.script.FindFailed">FindFailed: imgs/ok-button.png: (68x30) in S(0)[0,0 1920x1080] E:Y, T:3.0
  Line 2761, in file Region.java

	at org.sikuli.script.Region.wait(Region.java:2761)
	at org.sikuli.script.Region.find(Region.java:2326)
	at org.sikuli.script.Region.getLocationFromTarget(Region.java:3220)
	at org.sikuli.script.Region.click(Region.java:3718)
	at org.sikuli.script.Region.click(Region.java:3703)
	at com.zircon.pharmacyApplicationTest.UI.Requirement_1_3_20.Should_EnableAddButtonIfExceedDailyDoseIsChecked_When_PrescribedDailyDoseIsOverRecommendedDailyDose(Requirement_1_3_20.java:88)
</error>

          <failure message="&#xa;  Expectation failure on verify:&#xa;    Prescription.addPrescriptionItem(&quot;Medicine1&quot;, 2 (int), 1 (int), 1 (int), false, &quot;Comment; Comes in a 1ml Bottle; My Comment;&#xa;&quot;, 1 (int)): expected: 1, actual: 0&#xa;    Prescription.getPrescriptionItems(): expected: 1, actual: 0" type="junit.framework.AssertionFailedError">junit.framework.AssertionFailedError: 
  Expectation failure on verify:
    Prescription.addPrescriptionItem(&quot;Medicine1&quot;, 2 (int), 1 (int), 1 (int), false, &quot;Comment; Comes in a 1ml Bottle; My Comment;
&quot;, 1 (int)): expected: 1, actual: 0
    Prescription.getPrescriptionItems(): expected: 1, actual: 0
	at org.easymock.internal.MocksControl.verify(MocksControl.java:242)
	at org.easymock.EasyMock.verify(EasyMock.java:2089)
	at com.zircon.pharmacyApplicationTest.UI.Requirement_1_3_20.tearDown(Requirement_1_3_20.java:97)
</failure>

      </testcase>

      <testcase classname="com.zircon.pharmacyApplicationTest.UI.Requirement_1_3_22" name="Should_DisplayContextMenu_When_RightClickingRow" time="5.422">
          <error message="imgs/table-one-item.png: (915x121) in S(0)[0,0 1920x1080] E:Y, T:3.0" type="org.sikuli.script.FindFailed">FindFailed: imgs/table-one-item.png: (915x121) in S(0)[0,0 1920x1080] E:Y, T:3.0
  Line 2761, in file Region.java

	at org.sikuli.script.Region.wait(Region.java:2761)
	at org.sikuli.script.Region.find(Region.java:2326)
	at org.sikuli.script.Region.getLocationFromTarget(Region.java:3220)
	at org.sikuli.script.Region.rightClick(Region.java:3815)
	at org.sikuli.script.Region.rightClick(Region.java:3800)
	at com.zircon.pharmacyApplicationTest.UI.Requirement_1_3_22.Should_DisplayContextMenu_When_RightClickingRow(Requirement_1_3_22.java:76)
</error>

          <failure message="&#xa;  Expectation failure on verify:&#xa;    Prescription.addPrescriptionItem(&quot;Medicine1&quot;, 1 (int), 1 (int), 1 (int), false, &quot;Comment; Comes in a 1ml Bottle&quot;, 1 (int)): expected: 1, actual: 0&#xa;    Prescription.getPrescriptionItems(): expected: 1, actual: 0" type="junit.framework.AssertionFailedError">junit.framework.AssertionFailedError: 
  Expectation failure on verify:
    Prescription.addPrescriptionItem(&quot;Medicine1&quot;, 1 (int), 1 (int), 1 (int), false, &quot;Comment; Comes in a 1ml Bottle&quot;, 1 (int)): expected: 1, actual: 0
    Prescription.getPrescriptionItems(): expected: 1, actual: 0
	at org.easymock.internal.MocksControl.verify(MocksControl.java:242)
	at org.easymock.EasyMock.verify(EasyMock.java:2089)
	at com.zircon.pharmacyApplicationTest.UI.Requirement_1_3_22.tearDown(Requirement_1_3_22.java:58)
</failure>

      </testcase>

      <testcase classname="com.zircon.pharmacyApplicationTest.UI.Requirement_1_3_22" name="Should_DisplayContextMenuOnSelectedRow_When_RightClickingRow" time="8.042">
          <error message="imgs/table-one-item.png: (915x121) in S(0)[0,0 1920x1080] E:Y, T:3.0" type="org.sikuli.script.FindFailed">FindFailed: imgs/table-one-item.png: (915x121) in S(0)[0,0 1920x1080] E:Y, T:3.0
  Line 2761, in file Region.java

	at org.sikuli.script.Region.wait(Region.java:2761)
	at org.sikuli.script.Region.find(Region.java:2326)
	at org.sikuli.script.Region.getLocationFromTarget(Region.java:3220)
	at org.sikuli.script.Region.rightClick(Region.java:3815)
	at org.sikuli.script.Region.rightClick(Region.java:3800)
	at com.zircon.pharmacyApplicationTest.UI.Requirement_1_3_22.Should_DisplayContextMenuOnSelectedRow_When_RightClickingRow(Requirement_1_3_22.java:107)
</error>

      </testcase>

      <testcase classname="com.zircon.pharmacyApplicationTest.UI.Requirement_1_3_23" name="Should_UpdateCurrentComment_When_ClickingEditCommentAndTypingNewComment" time="5.207">
          <error message="imgs/table-one-item.png: (915x121) in S(0)[0,0 1920x1080] E:Y, T:3.0" type="org.sikuli.script.FindFailed">FindFailed: imgs/table-one-item.png: (915x121) in S(0)[0,0 1920x1080] E:Y, T:3.0
  Line 2761, in file Region.java

	at org.sikuli.script.Region.wait(Region.java:2761)
	at org.sikuli.script.Region.find(Region.java:2326)
	at org.sikuli.script.Region.getLocationFromTarget(Region.java:3220)
	at org.sikuli.script.Region.rightClick(Region.java:3815)
	at org.sikuli.script.Region.rightClick(Region.java:3800)
	at com.zircon.pharmacyApplicationTest.UI.Requirement_1_3_23.Should_UpdateCurrentComment_When_ClickingEditCommentAndTypingNewComment(Requirement_1_3_23.java:95)
</error>

          <failure message="&#xa;  Expectation failure on verify:&#xa;    Prescription.addPrescriptionItem(&quot;Medicine1&quot;, 1 (int), 1 (int), 1 (int), false, &quot;Comment; Comes in a 1ml Bottle&quot;, 1 (int)): expected: 1, actual: 0&#xa;    Prescription.getPrescriptionItems(): expected: 1, actual: 0" type="junit.framework.AssertionFailedError">junit.framework.AssertionFailedError: 
  Expectation failure on verify:
    Prescription.addPrescriptionItem(&quot;Medicine1&quot;, 1 (int), 1 (int), 1 (int), false, &quot;Comment; Comes in a 1ml Bottle&quot;, 1 (int)): expected: 1, actual: 0
    Prescription.getPrescriptionItems(): expected: 1, actual: 0
	at org.easymock.internal.MocksControl.verify(MocksControl.java:242)
	at org.easymock.EasyMock.verify(EasyMock.java:2089)
	at com.zircon.pharmacyApplicationTest.UI.Requirement_1_3_23.tearDown(Requirement_1_3_23.java:115)
</failure>

      </testcase>

      <testcase classname="com.zircon.pharmacyApplicationTest.UI.Requirement_1_3_23" name="Should_DisplayCurrentCommentInDialogueBox_When_ClickingEditComment" time="5.811">
          <error message="imgs/table-one-item.png: (915x121) in S(0)[0,0 1920x1080] E:Y, T:3.0" type="org.sikuli.script.FindFailed">FindFailed: imgs/table-one-item.png: (915x121) in S(0)[0,0 1920x1080] E:Y, T:3.0
  Line 2761, in file Region.java

	at org.sikuli.script.Region.wait(Region.java:2761)
	at org.sikuli.script.Region.find(Region.java:2326)
	at org.sikuli.script.Region.getLocationFromTarget(Region.java:3220)
	at org.sikuli.script.Region.rightClick(Region.java:3815)
	at org.sikuli.script.Region.rightClick(Region.java:3800)
	at com.zircon.pharmacyApplicationTest.UI.Requirement_1_3_23.Should_DisplayCurrentCommentInDialogueBox_When_ClickingEditComment(Requirement_1_3_23.java:69)
</error>

      </testcase>

      <testcase classname="com.zircon.pharmacyApplicationTest.UI.Requirement_1_3_24" name="Should_DecrementDosageByOne_WhenDecrementDosgaeIsClicked" time="4.75">
          <error message="imgs/table-one-item.png: (915x121) in S(0)[0,0 1920x1080] E:Y, T:3.0" type="org.sikuli.script.FindFailed">FindFailed: imgs/table-one-item.png: (915x121) in S(0)[0,0 1920x1080] E:Y, T:3.0
  Line 2761, in file Region.java

	at org.sikuli.script.Region.wait(Region.java:2761)
	at org.sikuli.script.Region.find(Region.java:2326)
	at org.sikuli.script.Region.getLocationFromTarget(Region.java:3220)
	at org.sikuli.script.Region.rightClick(Region.java:3815)
	at org.sikuli.script.Region.rightClick(Region.java:3800)
	at com.zircon.pharmacyApplicationTest.UI.Requirement_1_3_24.Should_DecrementDosageByOne_WhenDecrementDosgaeIsClicked(Requirement_1_3_24.java:69)
</error>

          <failure message="&#xa;  Expectation failure on verify:&#xa;    Prescription.addPrescriptionItem(&quot;Medicine1&quot;, 1 (int), 1 (int), 1 (int), false, &quot;Comment; Comes in a 1ml Bottle&quot;, 1 (int)): expected: 1, actual: 0&#xa;    Prescription.getPrescriptionItems(): expected: 1, actual: 0" type="junit.framework.AssertionFailedError">junit.framework.AssertionFailedError: 
  Expectation failure on verify:
    Prescription.addPrescriptionItem(&quot;Medicine1&quot;, 1 (int), 1 (int), 1 (int), false, &quot;Comment; Comes in a 1ml Bottle&quot;, 1 (int)): expected: 1, actual: 0
    Prescription.getPrescriptionItems(): expected: 1, actual: 0
	at org.easymock.internal.MocksControl.verify(MocksControl.java:242)
	at org.easymock.EasyMock.verify(EasyMock.java:2089)
	at com.zircon.pharmacyApplicationTest.UI.Requirement_1_3_24.tearDown(Requirement_1_3_24.java:109)
</failure>

      </testcase>

      <testcase classname="com.zircon.pharmacyApplicationTest.UI.Requirement_1_3_24" name="Should_DecrementDosageByFour_WhenDecrementDosgaeIsClickedFourTimes" time="8.106">
          <error message="imgs/table-one-item.png: (915x121) seen at (120, 225) with 0.56 in S(0)[0,0 1920x1080] E:Y, T:3.0" type="org.sikuli.script.FindFailed">FindFailed: imgs/table-one-item.png: (915x121) seen at (120, 225) with 0.56 in S(0)[0,0 1920x1080] E:Y, T:3.0
  Line 2761, in file Region.java

	at org.sikuli.script.Region.wait(Region.java:2761)
	at org.sikuli.script.Region.find(Region.java:2326)
	at org.sikuli.script.Region.getLocationFromTarget(Region.java:3220)
	at org.sikuli.script.Region.rightClick(Region.java:3815)
	at org.sikuli.script.Region.rightClick(Region.java:3800)
	at com.zircon.pharmacyApplicationTest.UI.Requirement_1_3_24.Should_DecrementDosageByFour_WhenDecrementDosgaeIsClickedFourTimes(Requirement_1_3_24.java:94)
</error>

      </testcase>

      <testcase classname="com.zircon.pharmacyApplicationTest.UI.Requirement_1_3_25" name="Should_DisableDecrementDosage_When_DailyDoseIsOne" time="4.802">
          <error message="imgs/table-one-item.png: (915x121) seen at (120, 225) with 0.56 in S(0)[0,0 1920x1080] E:Y, T:3.0" type="org.sikuli.script.FindFailed">FindFailed: imgs/table-one-item.png: (915x121) seen at (120, 225) with 0.56 in S(0)[0,0 1920x1080] E:Y, T:3.0
  Line 2761, in file Region.java

	at org.sikuli.script.Region.wait(Region.java:2761)
	at org.sikuli.script.Region.find(Region.java:2326)
	at org.sikuli.script.Region.getLocationFromTarget(Region.java:3220)
	at org.sikuli.script.Region.rightClick(Region.java:3815)
	at org.sikuli.script.Region.rightClick(Region.java:3800)
	at com.zircon.pharmacyApplicationTest.UI.Requirement_1_3_25.Should_DisableDecrementDosage_When_DailyDoseIsOne(Requirement_1_3_25.java:69)
</error>

      </testcase>

      <system-out><![CDATA[Working Directory = C:\Users\spencer.robertson\Documents\Projects\pharmacy
[error] RobotDesktop: checkMousePosition: should be L(3768,432)@S(1)[3000,0 1536x864]
but after move is L(3614,346)@S(1)[3000,0 1536x864]
Possible cause in case you did not touch the mouse while script was running:
 Mouse actions are blocked generally or by the frontmost application.
You might try to run the SikuliX stuff as admin.
[error] RobotDesktop: checkMousePosition: should be L(-960,540)@S(2)[-1920,0 1920x1080]
but after move is L(-1920,735)@S(2)[-1920,0 1920x1080]
Possible cause in case you did not touch the mouse while script was running:
 Mouse actions are blocked generally or by the frontmost application.
You might try to run the SikuliX stuff as admin.
[log] CLICK on L(311,160)@S(0)[0,0 1920x1080] (537 msec)
Working Directory = C:\Users\spencer.robertson\Documents\Projects\pharmacy
[log] CLICK on L(311,160)@S(0)[0,0 1920x1080] (530 msec)
[log] CLICK on L(311,160)@S(0)[0,0 1920x1080] (527 msec)
[log] CLICK on L(311,200)@S(0)[0,0 1920x1080] (533 msec)
[log] CLICK on L(311,160)@S(0)[0,0 1920x1080] (522 msec)
[log] CLICK on L(311,220)@S(0)[0,0 1920x1080] (521 msec)
[log] CLICK on L(317,161)@S(0)[0,0 1920x1080] (527 msec)
[log] CLICK on L(311,200)@S(0)[0,0 1920x1080] (523 msec)
[log] CLICK on L(311,160)@S(0)[0,0 1920x1080] (534 msec)
[log] CLICK on L(311,200)@S(0)[0,0 1920x1080] (521 msec)
[log] CLICK on L(573,151)@S(0)[0,0 1920x1080] (522 msec)
[log] CLICK on L(573,151)@S(0)[0,0 1920x1080] (533 msec)
[log] CLICK on L(573,151)@S(0)[0,0 1920x1080] (521 msec)
[log] CLICK on L(900,162)@S(0)[0,0 1920x1080] (545 msec)
[log] CLICK on L(573,151)@S(0)[0,0 1920x1080] (541 msec)
[log] CLICK on L(573,151)@S(0)[0,0 1920x1080] (521 msec)
[log] CLICK on L(573,151)@S(0)[0,0 1920x1080] (520 msec)
[log] CLICK on L(573,151)@S(0)[0,0 1920x1080] (521 msec)
[log] CLICK on L(573,151)@S(0)[0,0 1920x1080] (522 msec)
[log] CLICK on L(573,151)@S(0)[0,0 1920x1080] (520 msec)
[log] CLICK on L(573,151)@S(0)[0,0 1920x1080] (520 msec)
[log] CLICK on L(573,151)@S(0)[0,0 1920x1080] (521 msec)
[log] CLICK on L(573,151)@S(0)[0,0 1920x1080] (520 msec)
[log] CLICK on L(573,151)@S(0)[0,0 1920x1080] (521 msec)
[log] CLICK on L(573,151)@S(0)[0,0 1920x1080] (520 msec)
[log] CLICK on L(573,151)@S(0)[0,0 1920x1080] (522 msec)
[log] CLICK on L(573,151)@S(0)[0,0 1920x1080] (521 msec)
[log] CLICK on L(900,151)@S(0)[0,0 1920x1080] (531 msec)
[log] CLICK on L(900,151)@S(0)[0,0 1920x1080] (520 msec)
[log] CLICK on L(900,151)@S(0)[0,0 1920x1080] (520 msec)
[log] CLICK on L(900,151)@S(0)[0,0 1920x1080] (521 msec)
[log] CLICK on L(900,151)@S(0)[0,0 1920x1080] (521 msec)
[log] CLICK on L(573,162)@S(0)[0,0 1920x1080] (531 msec)
[log] CLICK on L(900,151)@S(0)[0,0 1920x1080] (543 msec)
[log] CLICK on L(900,151)@S(0)[0,0 1920x1080] (520 msec)
[log] CLICK on L(900,151)@S(0)[0,0 1920x1080] (524 msec)
[log] CLICK on L(573,162)@S(0)[0,0 1920x1080] (521 msec)
[log] CLICK on L(573,162)@S(0)[0,0 1920x1080] (521 msec)
[log] CLICK on L(573,162)@S(0)[0,0 1920x1080] (521 msec)
[log] CLICK on L(1062,165)@S(0)[0,0 1920x1080] (549 msec)
[log] CLICK on L(1062,165)@S(0)[0,0 1920x1080] (523 msec)
[log] CLICK on L(1062,165)@S(0)[0,0 1920x1080] (536 msec)
[log] CLICK on L(311,160)@S(0)[0,0 1920x1080] (522 msec)
[log] CLICK on L(311,200)@S(0)[0,0 1920x1080] (520 msec)
[log] CLICK on L(1062,165)@S(0)[0,0 1920x1080] (521 msec)
[log] CLICK on L(1062,374)@S(0)[0,0 1920x1080] (533 msec)
[log] CLICK on L(1062,165)@S(0)[0,0 1920x1080] (535 msec)
[log] CLICK on L(311,160)@S(0)[0,0 1920x1080] (522 msec)
[log] CLICK on L(1062,165)@S(0)[0,0 1920x1080] (526 msec)
[log] CLICK on L(311,160)@S(0)[0,0 1920x1080] (521 msec)
[log] CLICK on L(223,200)@S(0)[0,0 1920x1080] (522 msec)
[log] CLICK on L(1062,165)@S(0)[0,0 1920x1080] (520 msec)
[log] CLICK on L(428,204)@S(0)[0,0 1920x1080] (533 msec)
[log] CLICK on L(1062,165)@S(0)[0,0 1920x1080] (521 msec)
[log] CLICK on L(428,204)@S(0)[0,0 1920x1080] (530 msec)
[log] CLICK on L(1062,165)@S(0)[0,0 1920x1080] (521 msec)
[log]  TYPE "Comment Test"
[log] CLICK on L(428,204)@S(0)[0,0 1920x1080] (534 msec)
[log] CLICK on L(1062,165)@S(0)[0,0 1920x1080] (521 msec)
[log]  TYPE "Comment;"
[log] CLICK on L(428,204)@S(0)[0,0 1920x1080] (536 msec)
[log] CLICK on L(1062,165)@S(0)[0,0 1920x1080] (520 msec)
[log]  TYPE "Comment With No New Line;"
[log] CLICK on L(428,204)@S(0)[0,0 1920x1080] (523 msec)
[log] CLICK on L(1062,165)@S(0)[0,0 1920x1080] (526 msec)
[log]  TYPE "Comment With No Colon Or New Line"
[log] CLICK on L(573,151)@S(0)[0,0 1920x1080] (542 msec)
[log] CLICK on L(382,685)@S(0)[0,0 1920x1080] (534 msec)
[log] CLICK on L(1062,165)@S(0)[0,0 1920x1080] (529 msec)
[log]  TYPE "My Comment"
[log] CLICK on L(1062,374)@S(0)[0,0 1920x1080] (523 msec)
[log] CLICK on L(1062,165)@S(0)[0,0 1920x1080] (522 msec)
[log] CLICK on L(311,160)@S(0)[0,0 1920x1080] (521 msec)
[log] CLICK on L(311,200)@S(0)[0,0 1920x1080] (521 msec)
[log] CLICK on L(1062,165)@S(0)[0,0 1920x1080] (522 msec)
[log] CLICK on L(1062,374)@S(0)[0,0 1920x1080] (537 msec)
[log] CLICK on L(1062,165)@S(0)[0,0 1920x1080] (530 msec)
[log] CLICK on L(1062,374)@S(0)[0,0 1920x1080] (527 msec)
[log] CLICK on L(1062,165)@S(0)[0,0 1920x1080] (536 msec)
[log] RIGHT CLICK on L(577,255)@S(0)[0,0 1920x1080] (528 msec)
[log] CLICK on L(641,279)@S(0)[0,0 1920x1080] (521 msec)
[log] CLICK on L(1062,165)@S(0)[0,0 1920x1080] (534 msec)
]]></system-out>

      <system-err><![CDATA[Exception in thread "AWT-EventQueue-0" java.lang.AssertionError: 
  Unexpected method call Prescription.addPrescriptionItem("Medicine1", 1 (int), 1 (int), 1 (int), false, "Comment; Comes in a 1ml Bottle", 1 (int)):
	at org.easymock.internal.MockInvocationHandler.invoke(MockInvocationHandler.java:44)
	at org.easymock.internal.ObjectMethodsFilter.invoke(ObjectMethodsFilter.java:101)
	at org.easymock.internal.ClassProxyFactory$MockMethodInterceptor.intercept(ClassProxyFactory.java:97)
	at com.zircon.pharmacyApplication.Prescription$$EnhancerByCGLIB$$47242ebf.addPrescriptionItem(<generated>)
	at com.zircon.pharmacyApplication.PrescriptionUI.addItem(PrescriptionUI.java:511)
	at com.zircon.pharmacyApplication.PrescriptionUI.access$2(PrescriptionUI.java:499)
	at com.zircon.pharmacyApplication.PrescriptionUI$3.actionPerformed(PrescriptionUI.java:253)
	at javax.swing.AbstractButton.fireActionPerformed(Unknown Source)
	at javax.swing.AbstractButton$Handler.actionPerformed(Unknown Source)
	at javax.swing.DefaultButtonModel.fireActionPerformed(Unknown Source)
	at javax.swing.DefaultButtonModel.setPressed(Unknown Source)
	at javax.swing.plaf.basic.BasicButtonListener.mouseReleased(Unknown Source)
	at java.awt.Component.processMouseEvent(Unknown Source)
	at javax.swing.JComponent.processMouseEvent(Unknown Source)
	at java.awt.Component.processEvent(Unknown Source)
	at java.awt.Container.processEvent(Unknown Source)
	at java.awt.Component.dispatchEventImpl(Unknown Source)
	at java.awt.Container.dispatchEventImpl(Unknown Source)
	at java.awt.Component.dispatchEvent(Unknown Source)
	at java.awt.LightweightDispatcher.retargetMouseEvent(Unknown Source)
	at java.awt.LightweightDispatcher.processMouseEvent(Unknown Source)
	at java.awt.LightweightDispatcher.dispatchEvent(Unknown Source)
	at java.awt.Container.dispatchEventImpl(Unknown Source)
	at java.awt.Window.dispatchEventImpl(Unknown Source)
	at java.awt.Component.dispatchEvent(Unknown Source)
	at java.awt.EventQueue.dispatchEventImpl(Unknown Source)
	at java.awt.EventQueue.access$500(Unknown Source)
	at java.awt.EventQueue$3.run(Unknown Source)
	at java.awt.EventQueue$3.run(Unknown Source)
	at java.security.AccessController.doPrivileged(Native Method)
	at java.security.ProtectionDomain$JavaSecurityAccessImpl.doIntersectionPrivilege(Unknown Source)
	at java.security.ProtectionDomain$JavaSecurityAccessImpl.doIntersectionPrivilege(Unknown Source)
	at java.awt.EventQueue$4.run(Unknown Source)
	at java.awt.EventQueue$4.run(Unknown Source)
	at java.security.AccessController.doPrivileged(Native Method)
	at java.security.ProtectionDomain$JavaSecurityAccessImpl.doIntersectionPrivilege(Unknown Source)
	at java.awt.EventQueue.dispatchEvent(Unknown Source)
	at java.awt.EventDispatchThread.pumpOneEventForFilters(Unknown Source)
	at java.awt.EventDispatchThread.pumpEventsForFilter(Unknown Source)
	at java.awt.EventDispatchThread.pumpEventsForHierarchy(Unknown Source)
	at java.awt.EventDispatchThread.pumpEvents(Unknown Source)
	at java.awt.EventDispatchThread.pumpEvents(Unknown Source)
	at java.awt.EventDispatchThread.run(Unknown Source)
Exception in thread "AWT-EventQueue-0" java.lang.AssertionError: 
  Unexpected method call Prescription.addPrescriptionItem("Medicine1", 1 (int), 1 (int), 1 (int), false, "Comment; Comes in a 1ml Bottle", 1 (int)):
    Prescription.addPrescriptionItem("Medicine1", 1 (int), 1 (int), 1 (int), false, "Comment; Comes in a 1ml Bottle; Comment Test;
", 1 (int)): expected: 1, actual: 0
    Prescription.getPrescriptionItems(): expected: 1, actual: 0
	at org.easymock.internal.MockInvocationHandler.invoke(MockInvocationHandler.java:44)
	at org.easymock.internal.ObjectMethodsFilter.invoke(ObjectMethodsFilter.java:101)
	at org.easymock.internal.ClassProxyFactory$MockMethodInterceptor.intercept(ClassProxyFactory.java:97)
	at com.zircon.pharmacyApplication.Prescription$$EnhancerByCGLIB$$47242ebf.addPrescriptionItem(<generated>)
	at com.zircon.pharmacyApplication.PrescriptionUI.addItem(PrescriptionUI.java:511)
	at com.zircon.pharmacyApplication.PrescriptionUI.access$2(PrescriptionUI.java:499)
	at com.zircon.pharmacyApplication.PrescriptionUI$3.actionPerformed(PrescriptionUI.java:253)
	at javax.swing.AbstractButton.fireActionPerformed(Unknown Source)
	at javax.swing.AbstractButton$Handler.actionPerformed(Unknown Source)
	at javax.swing.DefaultButtonModel.fireActionPerformed(Unknown Source)
	at javax.swing.DefaultButtonModel.setPressed(Unknown Source)
	at javax.swing.plaf.basic.BasicButtonListener.mouseReleased(Unknown Source)
	at java.awt.Component.processMouseEvent(Unknown Source)
	at javax.swing.JComponent.processMouseEvent(Unknown Source)
	at java.awt.Component.processEvent(Unknown Source)
	at java.awt.Container.processEvent(Unknown Source)
	at java.awt.Component.dispatchEventImpl(Unknown Source)
	at java.awt.Container.dispatchEventImpl(Unknown Source)
	at java.awt.Component.dispatchEvent(Unknown Source)
	at java.awt.LightweightDispatcher.retargetMouseEvent(Unknown Source)
	at java.awt.LightweightDispatcher.processMouseEvent(Unknown Source)
	at java.awt.LightweightDispatcher.dispatchEvent(Unknown Source)
	at java.awt.Container.dispatchEventImpl(Unknown Source)
	at java.awt.Window.dispatchEventImpl(Unknown Source)
	at java.awt.Component.dispatchEvent(Unknown Source)
	at java.awt.EventQueue.dispatchEventImpl(Unknown Source)
	at java.awt.EventQueue.access$500(Unknown Source)
	at java.awt.EventQueue$3.run(Unknown Source)
	at java.awt.EventQueue$3.run(Unknown Source)
	at java.security.AccessController.doPrivileged(Native Method)
	at java.security.ProtectionDomain$JavaSecurityAccessImpl.doIntersectionPrivilege(Unknown Source)
	at java.security.ProtectionDomain$JavaSecurityAccessImpl.doIntersectionPrivilege(Unknown Source)
	at java.awt.EventQueue$4.run(Unknown Source)
	at java.awt.EventQueue$4.run(Unknown Source)
	at java.security.AccessController.doPrivileged(Native Method)
	at java.security.ProtectionDomain$JavaSecurityAccessImpl.doIntersectionPrivilege(Unknown Source)
	at java.awt.EventQueue.dispatchEvent(Unknown Source)
	at java.awt.EventDispatchThread.pumpOneEventForFilters(Unknown Source)
	at java.awt.EventDispatchThread.pumpEventsForFilter(Unknown Source)
	at java.awt.EventDispatchThread.pumpEventsForHierarchy(Unknown Source)
	at java.awt.EventDispatchThread.pumpEvents(Unknown Source)
	at java.awt.EventDispatchThread.pumpEvents(Unknown Source)
	at java.awt.EventDispatchThread.run(Unknown Source)
Exception in thread "AWT-EventQueue-0" java.lang.AssertionError: 
  Unexpected method call Prescription.addPrescriptionItem("Medicine1", 1 (int), 1 (int), 1 (int), false, "Comment; Comes in a 1ml Bottle", 1 (int)):
    Prescription.addPrescriptionItem("Medicine1", 1 (int), 1 (int), 1 (int), false, "Comment; Comes in a 1ml Bottle; Comment Test;
", 1 (int)): expected: 1, actual: 0
    Prescription.getPrescriptionItems(): expected: 1, actual: 0
	at org.easymock.internal.MockInvocationHandler.invoke(MockInvocationHandler.java:44)
	at org.easymock.internal.ObjectMethodsFilter.invoke(ObjectMethodsFilter.java:101)
	at org.easymock.internal.ClassProxyFactory$MockMethodInterceptor.intercept(ClassProxyFactory.java:97)
	at com.zircon.pharmacyApplication.Prescription$$EnhancerByCGLIB$$47242ebf.addPrescriptionItem(<generated>)
	at com.zircon.pharmacyApplication.PrescriptionUI.addItem(PrescriptionUI.java:511)
	at com.zircon.pharmacyApplication.PrescriptionUI.access$2(PrescriptionUI.java:499)
	at com.zircon.pharmacyApplication.PrescriptionUI$3.actionPerformed(PrescriptionUI.java:253)
	at javax.swing.AbstractButton.fireActionPerformed(Unknown Source)
	at javax.swing.AbstractButton$Handler.actionPerformed(Unknown Source)
	at javax.swing.DefaultButtonModel.fireActionPerformed(Unknown Source)
	at javax.swing.DefaultButtonModel.setPressed(Unknown Source)
	at javax.swing.plaf.basic.BasicButtonListener$Actions.actionPerformed(Unknown Source)
	at javax.swing.SwingUtilities.notifyAction(Unknown Source)
	at javax.swing.JComponent.processKeyBinding(Unknown Source)
	at javax.swing.JComponent.processKeyBindings(Unknown Source)
	at javax.swing.JComponent.processKeyEvent(Unknown Source)
	at java.awt.Component.processEvent(Unknown Source)
	at java.awt.Container.processEvent(Unknown Source)
	at java.awt.Component.dispatchEventImpl(Unknown Source)
	at java.awt.Container.dispatchEventImpl(Unknown Source)
	at java.awt.Component.dispatchEvent(Unknown Source)
	at java.awt.KeyboardFocusManager.redispatchEvent(Unknown Source)
	at java.awt.DefaultKeyboardFocusManager.dispatchKeyEvent(Unknown Source)
	at java.awt.DefaultKeyboardFocusManager.preDispatchKeyEvent(Unknown Source)
	at java.awt.DefaultKeyboardFocusManager.typeAheadAssertions(Unknown Source)
	at java.awt.DefaultKeyboardFocusManager.dispatchEvent(Unknown Source)
	at java.awt.Component.dispatchEventImpl(Unknown Source)
	at java.awt.Container.dispatchEventImpl(Unknown Source)
	at java.awt.Window.dispatchEventImpl(Unknown Source)
	at java.awt.Component.dispatchEvent(Unknown Source)
	at java.awt.EventQueue.dispatchEventImpl(Unknown Source)
	at java.awt.EventQueue.access$500(Unknown Source)
	at java.awt.EventQueue$3.run(Unknown Source)
	at java.awt.EventQueue$3.run(Unknown Source)
	at java.security.AccessController.doPrivileged(Native Method)
	at java.security.ProtectionDomain$JavaSecurityAccessImpl.doIntersectionPrivilege(Unknown Source)
	at java.security.ProtectionDomain$JavaSecurityAccessImpl.doIntersectionPrivilege(Unknown Source)
	at java.awt.EventQueue$4.run(Unknown Source)
	at java.awt.EventQueue$4.run(Unknown Source)
	at java.security.AccessController.doPrivileged(Native Method)
	at java.security.ProtectionDomain$JavaSecurityAccessImpl.doIntersectionPrivilege(Unknown Source)
	at java.awt.EventQueue.dispatchEvent(Unknown Source)
	at java.awt.EventDispatchThread.pumpOneEventForFilters(Unknown Source)
	at java.awt.EventDispatchThread.pumpEventsForFilter(Unknown Source)
	at java.awt.EventDispatchThread.pumpEventsForHierarchy(Unknown Source)
	at java.awt.EventDispatchThread.pumpEvents(Unknown Source)
	at java.awt.EventDispatchThread.pumpEvents(Unknown Source)
	at java.awt.EventDispatchThread.run(Unknown Source)
Exception in thread "AWT-EventQueue-0" java.lang.AssertionError: 
  Unexpected method call Prescription.addPrescriptionItem("Medicine1", 1 (int), 1 (int), 1 (int), false, "Comment; Comes in a 1ml Bottle", 1 (int)):
    Prescription.addPrescriptionItem("Medicine1", 1 (int), 1 (int), 1 (int), false, "Comment; Comes in a 1ml Bottle; Comment;
", 1 (int)): expected: 1, actual: 0
    Prescription.getPrescriptionItems(): expected: 1, actual: 0
	at org.easymock.internal.MockInvocationHandler.invoke(MockInvocationHandler.java:44)
	at org.easymock.internal.ObjectMethodsFilter.invoke(ObjectMethodsFilter.java:101)
	at org.easymock.internal.ClassProxyFactory$MockMethodInterceptor.intercept(ClassProxyFactory.java:97)
	at com.zircon.pharmacyApplication.Prescription$$EnhancerByCGLIB$$47242ebf.addPrescriptionItem(<generated>)
	at com.zircon.pharmacyApplication.PrescriptionUI.addItem(PrescriptionUI.java:511)
	at com.zircon.pharmacyApplication.PrescriptionUI.access$2(PrescriptionUI.java:499)
	at com.zircon.pharmacyApplication.PrescriptionUI$3.actionPerformed(PrescriptionUI.java:253)
	at javax.swing.AbstractButton.fireActionPerformed(Unknown Source)
	at javax.swing.AbstractButton$Handler.actionPerformed(Unknown Source)
	at javax.swing.DefaultButtonModel.fireActionPerformed(Unknown Source)
	at javax.swing.DefaultButtonModel.setPressed(Unknown Source)
	at javax.swing.plaf.basic.BasicButtonListener.mouseReleased(Unknown Source)
	at java.awt.Component.processMouseEvent(Unknown Source)
	at javax.swing.JComponent.processMouseEvent(Unknown Source)
	at java.awt.Component.processEvent(Unknown Source)
	at java.awt.Container.processEvent(Unknown Source)
	at java.awt.Component.dispatchEventImpl(Unknown Source)
	at java.awt.Container.dispatchEventImpl(Unknown Source)
	at java.awt.Component.dispatchEvent(Unknown Source)
	at java.awt.LightweightDispatcher.retargetMouseEvent(Unknown Source)
	at java.awt.LightweightDispatcher.processMouseEvent(Unknown Source)
	at java.awt.LightweightDispatcher.dispatchEvent(Unknown Source)
	at java.awt.Container.dispatchEventImpl(Unknown Source)
	at java.awt.Window.dispatchEventImpl(Unknown Source)
	at java.awt.Component.dispatchEvent(Unknown Source)
	at java.awt.EventQueue.dispatchEventImpl(Unknown Source)
	at java.awt.EventQueue.access$500(Unknown Source)
	at java.awt.EventQueue$3.run(Unknown Source)
	at java.awt.EventQueue$3.run(Unknown Source)
	at java.security.AccessController.doPrivileged(Native Method)
	at java.security.ProtectionDomain$JavaSecurityAccessImpl.doIntersectionPrivilege(Unknown Source)
	at java.security.ProtectionDomain$JavaSecurityAccessImpl.doIntersectionPrivilege(Unknown Source)
	at java.awt.EventQueue$4.run(Unknown Source)
	at java.awt.EventQueue$4.run(Unknown Source)
	at java.security.AccessController.doPrivileged(Native Method)
	at java.security.ProtectionDomain$JavaSecurityAccessImpl.doIntersectionPrivilege(Unknown Source)
	at java.awt.EventQueue.dispatchEvent(Unknown Source)
	at java.awt.EventDispatchThread.pumpOneEventForFilters(Unknown Source)
	at java.awt.EventDispatchThread.pumpEventsForFilter(Unknown Source)
	at java.awt.EventDispatchThread.pumpEventsForHierarchy(Unknown Source)
	at java.awt.EventDispatchThread.pumpEvents(Unknown Source)
	at java.awt.EventDispatchThread.pumpEvents(Unknown Source)
	at java.awt.EventDispatchThread.run(Unknown Source)
Exception in thread "AWT-EventQueue-0" java.lang.AssertionError: 
  Unexpected method call Prescription.addPrescriptionItem("Medicine1", 1 (int), 1 (int), 1 (int), false, "Comment; Comes in a 1ml Bottle", 1 (int)):
    Prescription.addPrescriptionItem("Medicine1", 1 (int), 1 (int), 1 (int), false, "Comment; Comes in a 1ml Bottle; Comment With No New Line;
", 1 (int)): expected: 1, actual: 0
    Prescription.getPrescriptionItems(): expected: 1, actual: 0
	at org.easymock.internal.MockInvocationHandler.invoke(MockInvocationHandler.java:44)
	at org.easymock.internal.ObjectMethodsFilter.invoke(ObjectMethodsFilter.java:101)
	at org.easymock.internal.ClassProxyFactory$MockMethodInterceptor.intercept(ClassProxyFactory.java:97)
	at com.zircon.pharmacyApplication.Prescription$$EnhancerByCGLIB$$47242ebf.addPrescriptionItem(<generated>)
	at com.zircon.pharmacyApplication.PrescriptionUI.addItem(PrescriptionUI.java:511)
	at com.zircon.pharmacyApplication.PrescriptionUI.access$2(PrescriptionUI.java:499)
	at com.zircon.pharmacyApplication.PrescriptionUI$3.actionPerformed(PrescriptionUI.java:253)
	at javax.swing.AbstractButton.fireActionPerformed(Unknown Source)
	at javax.swing.AbstractButton$Handler.actionPerformed(Unknown Source)
	at javax.swing.DefaultButtonModel.fireActionPerformed(Unknown Source)
	at javax.swing.DefaultButtonModel.setPressed(Unknown Source)
	at javax.swing.plaf.basic.BasicButtonListener.mouseReleased(Unknown Source)
	at java.awt.Component.processMouseEvent(Unknown Source)
	at javax.swing.JComponent.processMouseEvent(Unknown Source)
	at java.awt.Component.processEvent(Unknown Source)
	at java.awt.Container.processEvent(Unknown Source)
	at java.awt.Component.dispatchEventImpl(Unknown Source)
	at java.awt.Container.dispatchEventImpl(Unknown Source)
	at java.awt.Component.dispatchEvent(Unknown Source)
	at java.awt.LightweightDispatcher.retargetMouseEvent(Unknown Source)
	at java.awt.LightweightDispatcher.processMouseEvent(Unknown Source)
	at java.awt.LightweightDispatcher.dispatchEvent(Unknown Source)
	at java.awt.Container.dispatchEventImpl(Unknown Source)
	at java.awt.Window.dispatchEventImpl(Unknown Source)
	at java.awt.Component.dispatchEvent(Unknown Source)
	at java.awt.EventQueue.dispatchEventImpl(Unknown Source)
	at java.awt.EventQueue.access$500(Unknown Source)
	at java.awt.EventQueue$3.run(Unknown Source)
	at java.awt.EventQueue$3.run(Unknown Source)
	at java.security.AccessController.doPrivileged(Native Method)
	at java.security.ProtectionDomain$JavaSecurityAccessImpl.doIntersectionPrivilege(Unknown Source)
	at java.security.ProtectionDomain$JavaSecurityAccessImpl.doIntersectionPrivilege(Unknown Source)
	at java.awt.EventQueue$4.run(Unknown Source)
	at java.awt.EventQueue$4.run(Unknown Source)
	at java.security.AccessController.doPrivileged(Native Method)
	at java.security.ProtectionDomain$JavaSecurityAccessImpl.doIntersectionPrivilege(Unknown Source)
	at java.awt.EventQueue.dispatchEvent(Unknown Source)
	at java.awt.EventDispatchThread.pumpOneEventForFilters(Unknown Source)
	at java.awt.EventDispatchThread.pumpEventsForFilter(Unknown Source)
	at java.awt.EventDispatchThread.pumpEventsForHierarchy(Unknown Source)
	at java.awt.EventDispatchThread.pumpEvents(Unknown Source)
	at java.awt.EventDispatchThread.pumpEvents(Unknown Source)
	at java.awt.EventDispatchThread.run(Unknown Source)
Exception in thread "AWT-EventQueue-0" java.lang.AssertionError: 
  Unexpected method call Prescription.addPrescriptionItem("Medicine1", 1 (int), 1 (int), 1 (int), false, "Comment; Comes in a 1ml Bottle", 1 (int)):
    Prescription.addPrescriptionItem("Medicine1", 1 (int), 1 (int), 1 (int), false, "Comment; Comes in a 1ml Bottle; Comment With No New Line;
", 1 (int)): expected: 1, actual: 0
    Prescription.getPrescriptionItems(): expected: 1, actual: 0
	at org.easymock.internal.MockInvocationHandler.invoke(MockInvocationHandler.java:44)
	at org.easymock.internal.ObjectMethodsFilter.invoke(ObjectMethodsFilter.java:101)
	at org.easymock.internal.ClassProxyFactory$MockMethodInterceptor.intercept(ClassProxyFactory.java:97)
	at com.zircon.pharmacyApplication.Prescription$$EnhancerByCGLIB$$47242ebf.addPrescriptionItem(<generated>)
	at com.zircon.pharmacyApplication.PrescriptionUI.addItem(PrescriptionUI.java:511)
	at com.zircon.pharmacyApplication.PrescriptionUI.access$2(PrescriptionUI.java:499)
	at com.zircon.pharmacyApplication.PrescriptionUI$3.actionPerformed(PrescriptionUI.java:253)
	at javax.swing.AbstractButton.fireActionPerformed(Unknown Source)
	at javax.swing.AbstractButton$Handler.actionPerformed(Unknown Source)
	at javax.swing.DefaultButtonModel.fireActionPerformed(Unknown Source)
	at javax.swing.DefaultButtonModel.setPressed(Unknown Source)
	at javax.swing.plaf.basic.BasicButtonListener$Actions.actionPerformed(Unknown Source)
	at javax.swing.SwingUtilities.notifyAction(Unknown Source)
	at javax.swing.JComponent.processKeyBinding(Unknown Source)
	at javax.swing.JComponent.processKeyBindings(Unknown Source)
	at javax.swing.JComponent.processKeyEvent(Unknown Source)
	at java.awt.Component.processEvent(Unknown Source)
	at java.awt.Container.processEvent(Unknown Source)
	at java.awt.Component.dispatchEventImpl(Unknown Source)
	at java.awt.Container.dispatchEventImpl(Unknown Source)
	at java.awt.Component.dispatchEvent(Unknown Source)
	at java.awt.KeyboardFocusManager.redispatchEvent(Unknown Source)
	at java.awt.DefaultKeyboardFocusManager.dispatchKeyEvent(Unknown Source)
	at java.awt.DefaultKeyboardFocusManager.preDispatchKeyEvent(Unknown Source)
	at java.awt.DefaultKeyboardFocusManager.typeAheadAssertions(Unknown Source)
	at java.awt.DefaultKeyboardFocusManager.dispatchEvent(Unknown Source)
	at java.awt.Component.dispatchEventImpl(Unknown Source)
	at java.awt.Container.dispatchEventImpl(Unknown Source)
	at java.awt.Window.dispatchEventImpl(Unknown Source)
	at java.awt.Component.dispatchEvent(Unknown Source)
	at java.awt.EventQueue.dispatchEventImpl(Unknown Source)
	at java.awt.EventQueue.access$500(Unknown Source)
	at java.awt.EventQueue$3.run(Unknown Source)
	at java.awt.EventQueue$3.run(Unknown Source)
	at java.security.AccessController.doPrivileged(Native Method)
	at java.security.ProtectionDomain$JavaSecurityAccessImpl.doIntersectionPrivilege(Unknown Source)
	at java.security.ProtectionDomain$JavaSecurityAccessImpl.doIntersectionPrivilege(Unknown Source)
	at java.awt.EventQueue$4.run(Unknown Source)
	at java.awt.EventQueue$4.run(Unknown Source)
	at java.security.AccessController.doPrivileged(Native Method)
	at java.security.ProtectionDomain$JavaSecurityAccessImpl.doIntersectionPrivilege(Unknown Source)
	at java.awt.EventQueue.dispatchEvent(Unknown Source)
	at java.awt.EventDispatchThread.pumpOneEventForFilters(Unknown Source)
	at java.awt.EventDispatchThread.pumpEventsForFilter(Unknown Source)
	at java.awt.EventDispatchThread.pumpEventsForHierarchy(Unknown Source)
	at java.awt.EventDispatchThread.pumpEvents(Unknown Source)
	at java.awt.EventDispatchThread.pumpEvents(Unknown Source)
	at java.awt.EventDispatchThread.run(Unknown Source)
Exception in thread "AWT-EventQueue-0" java.lang.AssertionError: 
  Unexpected method call Prescription.addPrescriptionItem("Medicine1", 1 (int), 1 (int), 1 (int), false, "Comment; Comes in a 1ml Bottle", 1 (int)):
    Prescription.addPrescriptionItem("Medicine1", 1 (int), 1 (int), 1 (int), false, "Comment; Comes in a 1ml Bottle; Comment With No New Line;
", 1 (int)): expected: 1, actual: 0
    Prescription.getPrescriptionItems(): expected: 1, actual: 0
	at org.easymock.internal.MockInvocationHandler.invoke(MockInvocationHandler.java:44)
	at org.easymock.internal.ObjectMethodsFilter.invoke(ObjectMethodsFilter.java:101)
	at org.easymock.internal.ClassProxyFactory$MockMethodInterceptor.intercept(ClassProxyFactory.java:97)
	at com.zircon.pharmacyApplication.Prescription$$EnhancerByCGLIB$$47242ebf.addPrescriptionItem(<generated>)
	at com.zircon.pharmacyApplication.PrescriptionUI.addItem(PrescriptionUI.java:511)
	at com.zircon.pharmacyApplication.PrescriptionUI.access$2(PrescriptionUI.java:499)
	at com.zircon.pharmacyApplication.PrescriptionUI$3.actionPerformed(PrescriptionUI.java:253)
	at javax.swing.AbstractButton.fireActionPerformed(Unknown Source)
	at javax.swing.AbstractButton$Handler.actionPerformed(Unknown Source)
	at javax.swing.DefaultButtonModel.fireActionPerformed(Unknown Source)
	at javax.swing.DefaultButtonModel.setPressed(Unknown Source)
	at javax.swing.plaf.basic.BasicButtonListener$Actions.actionPerformed(Unknown Source)
	at javax.swing.SwingUtilities.notifyAction(Unknown Source)
	at javax.swing.JComponent.processKeyBinding(Unknown Source)
	at javax.swing.JComponent.processKeyBindings(Unknown Source)
	at javax.swing.JComponent.processKeyEvent(Unknown Source)
	at java.awt.Component.processEvent(Unknown Source)
	at java.awt.Container.processEvent(Unknown Source)
	at java.awt.Component.dispatchEventImpl(Unknown Source)
	at java.awt.Container.dispatchEventImpl(Unknown Source)
	at java.awt.Component.dispatchEvent(Unknown Source)
	at java.awt.KeyboardFocusManager.redispatchEvent(Unknown Source)
	at java.awt.DefaultKeyboardFocusManager.dispatchKeyEvent(Unknown Source)
	at java.awt.DefaultKeyboardFocusManager.preDispatchKeyEvent(Unknown Source)
	at java.awt.DefaultKeyboardFocusManager.typeAheadAssertions(Unknown Source)
	at java.awt.DefaultKeyboardFocusManager.dispatchEvent(Unknown Source)
	at java.awt.Component.dispatchEventImpl(Unknown Source)
	at java.awt.Container.dispatchEventImpl(Unknown Source)
	at java.awt.Window.dispatchEventImpl(Unknown Source)
	at java.awt.Component.dispatchEvent(Unknown Source)
	at java.awt.EventQueue.dispatchEventImpl(Unknown Source)
	at java.awt.EventQueue.access$500(Unknown Source)
	at java.awt.EventQueue$3.run(Unknown Source)
	at java.awt.EventQueue$3.run(Unknown Source)
[...]
	at java.awt.EventDispatchThread.pumpOneEventForFilters(Unknown Source)
	at java.awt.EventDispatchThread.pumpEventsForFilter(Unknown Source)
	at java.awt.EventDispatchThread.pumpEventsForHierarchy(Unknown Source)
	at java.awt.EventDispatchThread.pumpEvents(Unknown Source)
	at java.awt.EventDispatchThread.pumpEvents(Unknown Source)
	at java.awt.EventDispatchThread.run(Unknown Source)
Exception in thread "AWT-EventQueue-0" java.lang.AssertionError: 
  Unexpected method call Prescription.addPrescriptionItem("Medicine1", 1 (int), 1 (int), 1 (int), false, "Comment; Comes in a 1ml Bottle", 1 (int)):
    Prescription.addPrescriptionItem("Medicine1", 1 (int), 1 (int), 1 (int), false, "Comment; Comes in a 1ml Bottle; Comment With No Colon Or New Line;
", 1 (int)): expected: 1, actual: 0
    Prescription.getPrescriptionItems(): expected: 1, actual: 0
	at org.easymock.internal.MockInvocationHandler.invoke(MockInvocationHandler.java:44)
	at org.easymock.internal.ObjectMethodsFilter.invoke(ObjectMethodsFilter.java:101)
	at org.easymock.internal.ClassProxyFactory$MockMethodInterceptor.intercept(ClassProxyFactory.java:97)
	at com.zircon.pharmacyApplication.Prescription$$EnhancerByCGLIB$$47242ebf.addPrescriptionItem(<generated>)
	at com.zircon.pharmacyApplication.PrescriptionUI.addItem(PrescriptionUI.java:511)
	at com.zircon.pharmacyApplication.PrescriptionUI.access$2(PrescriptionUI.java:499)
	at com.zircon.pharmacyApplication.PrescriptionUI$3.actionPerformed(PrescriptionUI.java:253)
	at javax.swing.AbstractButton.fireActionPerformed(Unknown Source)
	at javax.swing.AbstractButton$Handler.actionPerformed(Unknown Source)
	at javax.swing.DefaultButtonModel.fireActionPerformed(Unknown Source)
	at javax.swing.DefaultButtonModel.setPressed(Unknown Source)
	at javax.swing.plaf.basic.BasicButtonListener$Actions.actionPerformed(Unknown Source)
	at javax.swing.SwingUtilities.notifyAction(Unknown Source)
	at javax.swing.JComponent.processKeyBinding(Unknown Source)
	at javax.swing.JComponent.processKeyBindings(Unknown Source)
	at javax.swing.JComponent.processKeyEvent(Unknown Source)
	at java.awt.Component.processEvent(Unknown Source)
	at java.awt.Container.processEvent(Unknown Source)
	at java.awt.Component.dispatchEventImpl(Unknown Source)
	at java.awt.Container.dispatchEventImpl(Unknown Source)
	at java.awt.Component.dispatchEvent(Unknown Source)
	at java.awt.KeyboardFocusManager.redispatchEvent(Unknown Source)
	at java.awt.DefaultKeyboardFocusManager.dispatchKeyEvent(Unknown Source)
	at java.awt.DefaultKeyboardFocusManager.preDispatchKeyEvent(Unknown Source)
	at java.awt.DefaultKeyboardFocusManager.typeAheadAssertions(Unknown Source)
	at java.awt.DefaultKeyboardFocusManager.dispatchEvent(Unknown Source)
	at java.awt.Component.dispatchEventImpl(Unknown Source)
	at java.awt.Container.dispatchEventImpl(Unknown Source)
	at java.awt.Window.dispatchEventImpl(Unknown Source)
	at java.awt.Component.dispatchEvent(Unknown Source)
	at java.awt.EventQueue.dispatchEventImpl(Unknown Source)
	at java.awt.EventQueue.access$500(Unknown Source)
	at java.awt.EventQueue$3.run(Unknown Source)
	at java.awt.EventQueue$3.run(Unknown Source)
	at java.security.AccessController.doPrivileged(Native Method)
	at java.security.ProtectionDomain$JavaSecurityAccessImpl.doIntersectionPrivilege(Unknown Source)
	at java.security.ProtectionDomain$JavaSecurityAccessImpl.doIntersectionPrivilege(Unknown Source)
	at java.awt.EventQueue$4.run(Unknown Source)
	at java.awt.EventQueue$4.run(Unknown Source)
	at java.security.AccessController.doPrivileged(Native Method)
	at java.security.ProtectionDomain$JavaSecurityAccessImpl.doIntersectionPrivilege(Unknown Source)
	at java.awt.EventQueue.dispatchEvent(Unknown Source)
	at java.awt.EventDispatchThread.pumpOneEventForFilters(Unknown Source)
	at java.awt.EventDispatchThread.pumpEventsForFilter(Unknown Source)
	at java.awt.EventDispatchThread.pumpEventsForHierarchy(Unknown Source)
	at java.awt.EventDispatchThread.pumpEvents(Unknown Source)
	at java.awt.EventDispatchThread.pumpEvents(Unknown Source)
	at java.awt.EventDispatchThread.run(Unknown Source)
Exception in thread "AWT-EventQueue-0" java.lang.AssertionError: 
  Unexpected method call Prescription.addPrescriptionItem("Medicine1", 1 (int), 1 (int), 1 (int), false, "Comment; Comes in a 1ml Bottle", 1 (int)):
    Prescription.addPrescriptionItem("Medicine1", 1 (int), 1 (int), 1 (int), false, "Comment; Comes in a 1ml Bottle; Comment With No Colon Or New Line;
", 1 (int)): expected: 1, actual: 0
    Prescription.getPrescriptionItems(): expected: 1, actual: 0
	at org.easymock.internal.MockInvocationHandler.invoke(MockInvocationHandler.java:44)
	at org.easymock.internal.ObjectMethodsFilter.invoke(ObjectMethodsFilter.java:101)
	at org.easymock.internal.ClassProxyFactory$MockMethodInterceptor.intercept(ClassProxyFactory.java:97)
	at com.zircon.pharmacyApplication.Prescription$$EnhancerByCGLIB$$47242ebf.addPrescriptionItem(<generated>)
	at com.zircon.pharmacyApplication.PrescriptionUI.addItem(PrescriptionUI.java:511)
	at com.zircon.pharmacyApplication.PrescriptionUI.access$2(PrescriptionUI.java:499)
	at com.zircon.pharmacyApplication.PrescriptionUI$3.actionPerformed(PrescriptionUI.java:253)
	at javax.swing.AbstractButton.fireActionPerformed(Unknown Source)
	at javax.swing.AbstractButton$Handler.actionPerformed(Unknown Source)
	at javax.swing.DefaultButtonModel.fireActionPerformed(Unknown Source)
	at javax.swing.DefaultButtonModel.setPressed(Unknown Source)
	at javax.swing.plaf.basic.BasicButtonListener$Actions.actionPerformed(Unknown Source)
	at javax.swing.SwingUtilities.notifyAction(Unknown Source)
	at javax.swing.JComponent.processKeyBinding(Unknown Source)
	at javax.swing.JComponent.processKeyBindings(Unknown Source)
	at javax.swing.JComponent.processKeyEvent(Unknown Source)
	at java.awt.Component.processEvent(Unknown Source)
	at java.awt.Container.processEvent(Unknown Source)
	at java.awt.Component.dispatchEventImpl(Unknown Source)
	at java.awt.Container.dispatchEventImpl(Unknown Source)
	at java.awt.Component.dispatchEvent(Unknown Source)
	at java.awt.KeyboardFocusManager.redispatchEvent(Unknown Source)
	at java.awt.DefaultKeyboardFocusManager.dispatchKeyEvent(Unknown Source)
	at java.awt.DefaultKeyboardFocusManager.preDispatchKeyEvent(Unknown Source)
	at java.awt.DefaultKeyboardFocusManager.typeAheadAssertions(Unknown Source)
	at java.awt.DefaultKeyboardFocusManager.dispatchEvent(Unknown Source)
	at java.awt.Component.dispatchEventImpl(Unknown Source)
	at java.awt.Container.dispatchEventImpl(Unknown Source)
	at java.awt.Window.dispatchEventImpl(Unknown Source)
	at java.awt.Component.dispatchEvent(Unknown Source)
	at java.awt.EventQueue.dispatchEventImpl(Unknown Source)
	at java.awt.EventQueue.access$500(Unknown Source)
	at java.awt.EventQueue$3.run(Unknown Source)
	at java.awt.EventQueue$3.run(Unknown Source)
	at java.security.AccessController.doPrivileged(Native Method)
	at java.security.ProtectionDomain$JavaSecurityAccessImpl.doIntersectionPrivilege(Unknown Source)
	at java.security.ProtectionDomain$JavaSecurityAccessImpl.doIntersectionPrivilege(Unknown Source)
	at java.awt.EventQueue$4.run(Unknown Source)
	at java.awt.EventQueue$4.run(Unknown Source)
	at java.security.AccessController.doPrivileged(Native Method)
	at java.security.ProtectionDomain$JavaSecurityAccessImpl.doIntersectionPrivilege(Unknown Source)
	at java.awt.EventQueue.dispatchEvent(Unknown Source)
	at java.awt.EventDispatchThread.pumpOneEventForFilters(Unknown Source)
	at java.awt.EventDispatchThread.pumpEventsForFilter(Unknown Source)
	at java.awt.EventDispatchThread.pumpEventsForHierarchy(Unknown Source)
	at java.awt.EventDispatchThread.pumpEvents(Unknown Source)
	at java.awt.EventDispatchThread.pumpEvents(Unknown Source)
	at java.awt.EventDispatchThread.run(Unknown Source)
Exception in thread "AWT-EventQueue-0" java.lang.AssertionError: 
  Unexpected method call Prescription.addPrescriptionItem("Medicine1", 1 (int), 1 (int), 1 (int), false, "Comment; Comes in a 1ml Bottle", 1 (int)):
    Prescription.addPrescriptionItem("Medicine1", 1 (int), 1 (int), 1 (int), false, "Comment; Comes in a 1ml Bottle; Comment With No Colon Or New Line;
", 1 (int)): expected: 1, actual: 0
    Prescription.getPrescriptionItems(): expected: 1, actual: 0
	at org.easymock.internal.MockInvocationHandler.invoke(MockInvocationHandler.java:44)
	at org.easymock.internal.ObjectMethodsFilter.invoke(ObjectMethodsFilter.java:101)
	at org.easymock.internal.ClassProxyFactory$MockMethodInterceptor.intercept(ClassProxyFactory.java:97)
	at com.zircon.pharmacyApplication.Prescription$$EnhancerByCGLIB$$47242ebf.addPrescriptionItem(<generated>)
	at com.zircon.pharmacyApplication.PrescriptionUI.addItem(PrescriptionUI.java:511)
	at com.zircon.pharmacyApplication.PrescriptionUI.access$2(PrescriptionUI.java:499)
	at com.zircon.pharmacyApplication.PrescriptionUI$3.actionPerformed(PrescriptionUI.java:253)
	at javax.swing.AbstractButton.fireActionPerformed(Unknown Source)
	at javax.swing.AbstractButton$Handler.actionPerformed(Unknown Source)
	at javax.swing.DefaultButtonModel.fireActionPerformed(Unknown Source)
	at javax.swing.DefaultButtonModel.setPressed(Unknown Source)
	at javax.swing.plaf.basic.BasicButtonListener$Actions.actionPerformed(Unknown Source)
	at javax.swing.SwingUtilities.notifyAction(Unknown Source)
	at javax.swing.JComponent.processKeyBinding(Unknown Source)
	at javax.swing.JComponent.processKeyBindings(Unknown Source)
	at javax.swing.JComponent.processKeyEvent(Unknown Source)
	at java.awt.Component.processEvent(Unknown Source)
	at java.awt.Container.processEvent(Unknown Source)
	at java.awt.Component.dispatchEventImpl(Unknown Source)
	at java.awt.Container.dispatchEventImpl(Unknown Source)
	at java.awt.Component.dispatchEvent(Unknown Source)
	at java.awt.KeyboardFocusManager.redispatchEvent(Unknown Source)
	at java.awt.DefaultKeyboardFocusManager.dispatchKeyEvent(Unknown Source)
	at java.awt.DefaultKeyboardFocusManager.preDispatchKeyEvent(Unknown Source)
	at java.awt.DefaultKeyboardFocusManager.typeAheadAssertions(Unknown Source)
	at java.awt.DefaultKeyboardFocusManager.dispatchEvent(Unknown Source)
	at java.awt.Component.dispatchEventImpl(Unknown Source)
	at java.awt.Container.dispatchEventImpl(Unknown Source)
	at java.awt.Window.dispatchEventImpl(Unknown Source)
	at java.awt.Component.dispatchEvent(Unknown Source)
	at java.awt.EventQueue.dispatchEventImpl(Unknown Source)
	at java.awt.EventQueue.access$500(Unknown Source)
	at java.awt.EventQueue$3.run(Unknown Source)
	at java.awt.EventQueue$3.run(Unknown Source)
	at java.security.AccessController.doPrivileged(Native Method)
	at java.security.ProtectionDomain$JavaSecurityAccessImpl.doIntersectionPrivilege(Unknown Source)
	at java.security.ProtectionDomain$JavaSecurityAccessImpl.doIntersectionPrivilege(Unknown Source)
	at java.awt.EventQueue$4.run(Unknown Source)
	at java.awt.EventQueue$4.run(Unknown Source)
	at java.security.AccessController.doPrivileged(Native Method)
	at java.security.ProtectionDomain$JavaSecurityAccessImpl.doIntersectionPrivilege(Unknown Source)
	at java.awt.EventQueue.dispatchEvent(Unknown Source)
	at java.awt.EventDispatchThread.pumpOneEventForFilters(Unknown Source)
	at java.awt.EventDispatchThread.pumpEventsForFilter(Unknown Source)
	at java.awt.EventDispatchThread.pumpEventsForHierarchy(Unknown Source)
	at java.awt.EventDispatchThread.pumpEvents(Unknown Source)
	at java.awt.EventDispatchThread.pumpEvents(Unknown Source)
	at java.awt.EventDispatchThread.run(Unknown Source)
Exception in thread "AWT-EventQueue-0" java.lang.AssertionError: 
  Unexpected method call Prescription.addPrescriptionItem("Medicine1", 1 (int), 1 (int), 1 (int), false, "Comment; Comes in a 1ml Bottle", 1 (int)):
    Prescription.addPrescriptionItem("Medicine1", 1 (int), 1 (int), 1 (int), false, "Comment; Comes in a 1ml Bottle; Comment With No Colon Or New Line;
", 1 (int)): expected: 1, actual: 0
    Prescription.getPrescriptionItems(): expected: 1, actual: 0
	at org.easymock.internal.MockInvocationHandler.invoke(MockInvocationHandler.java:44)
	at org.easymock.internal.ObjectMethodsFilter.invoke(ObjectMethodsFilter.java:101)
	at org.easymock.internal.ClassProxyFactory$MockMethodInterceptor.intercept(ClassProxyFactory.java:97)
	at com.zircon.pharmacyApplication.Prescription$$EnhancerByCGLIB$$47242ebf.addPrescriptionItem(<generated>)
	at com.zircon.pharmacyApplication.PrescriptionUI.addItem(PrescriptionUI.java:511)
	at com.zircon.pharmacyApplication.PrescriptionUI.access$2(PrescriptionUI.java:499)
	at com.zircon.pharmacyApplication.PrescriptionUI$3.actionPerformed(PrescriptionUI.java:253)
	at javax.swing.AbstractButton.fireActionPerformed(Unknown Source)
	at javax.swing.AbstractButton$Handler.actionPerformed(Unknown Source)
	at javax.swing.DefaultButtonModel.fireActionPerformed(Unknown Source)
	at javax.swing.DefaultButtonModel.setPressed(Unknown Source)
	at javax.swing.plaf.basic.BasicButtonListener$Actions.actionPerformed(Unknown Source)
	at javax.swing.SwingUtilities.notifyAction(Unknown Source)
	at javax.swing.JComponent.processKeyBinding(Unknown Source)
	at javax.swing.JComponent.processKeyBindings(Unknown Source)
	at javax.swing.JComponent.processKeyEvent(Unknown Source)
	at java.awt.Component.processEvent(Unknown Source)
	at java.awt.Container.processEvent(Unknown Source)
	at java.awt.Component.dispatchEventImpl(Unknown Source)
	at java.awt.Container.dispatchEventImpl(Unknown Source)
	at java.awt.Component.dispatchEvent(Unknown Source)
	at java.awt.KeyboardFocusManager.redispatchEvent(Unknown Source)
	at java.awt.DefaultKeyboardFocusManager.dispatchKeyEvent(Unknown Source)
	at java.awt.DefaultKeyboardFocusManager.preDispatchKeyEvent(Unknown Source)
	at java.awt.DefaultKeyboardFocusManager.typeAheadAssertions(Unknown Source)
	at java.awt.DefaultKeyboardFocusManager.dispatchEvent(Unknown Source)
	at java.awt.Component.dispatchEventImpl(Unknown Source)
	at java.awt.Container.dispatchEventImpl(Unknown Source)
	at java.awt.Window.dispatchEventImpl(Unknown Source)
	at java.awt.Component.dispatchEvent(Unknown Source)
	at java.awt.EventQueue.dispatchEventImpl(Unknown Source)
	at java.awt.EventQueue.access$500(Unknown Source)
	at java.awt.EventQueue$3.run(Unknown Source)
	at java.awt.EventQueue$3.run(Unknown Source)
	at java.security.AccessController.doPrivileged(Native Method)
	at java.security.ProtectionDomain$JavaSecurityAccessImpl.doIntersectionPrivilege(Unknown Source)
	at java.security.ProtectionDomain$JavaSecurityAccessImpl.doIntersectionPrivilege(Unknown Source)
	at java.awt.EventQueue$4.run(Unknown Source)
	at java.awt.EventQueue$4.run(Unknown Source)
	at java.security.AccessController.doPrivileged(Native Method)
	at java.security.ProtectionDomain$JavaSecurityAccessImpl.doIntersectionPrivilege(Unknown Source)
	at java.awt.EventQueue.dispatchEvent(Unknown Source)
	at java.awt.EventDispatchThread.pumpOneEventForFilters(Unknown Source)
	at java.awt.EventDispatchThread.pumpEventsForFilter(Unknown Source)
	at java.awt.EventDispatchThread.pumpEventsForHierarchy(Unknown Source)
	at java.awt.EventDispatchThread.pumpEvents(Unknown Source)
	at java.awt.EventDispatchThread.pumpEvents(Unknown Source)
	at java.awt.EventDispatchThread.run(Unknown Source)
]]></system-err>

  </testsuite>
  <testsuite errors="0" failures="0" hostname="ZC161" id="1" name="AllPrescriptionTests" package="com.zircon.pharmacyApplicationTest.Prescription" skipped="0" tests="25" time="0.158" timestamp="2018-12-12T11:47:35">
      <properties>
[...]
</properties>

      <testcase classname="com.zircon.pharmacyApplicationTest.Prescription.Requirement_1_1_1" name="Should_AddOneItem_When_AddButtonIsPressed" time="0.002" />

      <testcase classname="com.zircon.pharmacyApplicationTest.Prescription.Requirement_1_1_1" name="Should_AddTwoItems_When_AddButtonIsPressed" time="0.0" />

      <testcase classname="com.zircon.pharmacyApplicationTest.Prescription.Requirement_1_1_2" name="Should_OnlyHaveOneItem_When_AddingTheSameItem" time="0.0" />

      <testcase classname="com.zircon.pharmacyApplicationTest.Prescription.Requirement_1_1_2" name="Should_OnlyHaveOneItem_When_AddingTheSameItemMultipleTimes" time="0.0" />

      <testcase classname="com.zircon.pharmacyApplicationTest.Prescription.Requirement_1_1_5" name="Should_NotRemoveItem_When_RemovingItemThatDoesNotExist" time="0.0" />

      <testcase classname="com.zircon.pharmacyApplicationTest.Prescription.Requirement_1_1_5" name="Should_RemoveOneItemFromListOfTwo_When_RemovingItem" time="0.0" />

      <testcase classname="com.zircon.pharmacyApplicationTest.Prescription.Requirement_1_1_5" name="Should_RemoveBothItemsFromListOfTwo_When_RemovingItem" time="0.0" />

      <testcase classname="com.zircon.pharmacyApplicationTest.Prescription.Requirement_1_1_5" name="SHould_RemoveOneItem_When_RemovingItem" time="0.001" />

      <testcase classname="com.zircon.pharmacyApplicationTest.Prescription.Requirement_1_1_6" name="Should_ClearTwoItems_When_ClearingItem" time="0.0" />

      <testcase classname="com.zircon.pharmacyApplicationTest.Prescription.Requirement_1_1_6" name="Should_ClearItem_When_ClearingItem" time="0.0" />

      <testcase classname="com.zircon.pharmacyApplicationTest.Prescription.Requirement_1_1_7" name="Should_ReturnNumberOfPrescriptionItemsOne_When_OneItem" time="0.0" />

      <testcase classname="com.zircon.pharmacyApplicationTest.Prescription.Requirement_1_1_7" name="Should_ReturnNumberOfPrescriptionItemsZero_When_ByDefault" time="0.0" />

      <testcase classname="com.zircon.pharmacyApplicationTest.Prescription.Requirement_1_1_7" name="Should_ReturnNumberOfPrescriptionItemsTwo_When_TwoItems" time="0.0" />

      <testcase classname="com.zircon.pharmacyApplicationTest.Prescription.Requirement_1_1_8" name="Should_ReturnNumberOfContainersItemsZero_When_ByDefault" time="0.0" />

      <testcase classname="com.zircon.pharmacyApplicationTest.Prescription.Requirement_1_1_8" name="Should_ReturnNumberOfContainersItemsTwo_When_TwoItems" time="0.0" />

      <testcase classname="com.zircon.pharmacyApplicationTest.Prescription.Requirement_1_1_8" name="Should_ReturnNumberOfContainersItemsOne_When_OneItem" time="0.0" />

      <testcase classname="com.zircon.pharmacyApplicationTest.Prescription.Requirement_1_1_9" name="Should_NotAddItem_With_NegativeDuration" time="0.0" />

      <testcase classname="com.zircon.pharmacyApplicationTest.Prescription.Requirement_1_1_9" name="Should_NotAddItem_With_ZeroDuration" time="0.0" />

      <testcase classname="com.zircon.pharmacyApplicationTest.Prescription.Requirement_1_1_10" name="Should_IncreaseDuration_When_AddingTheSamePrescriptionItem" time="0.001" />

      <testcase classname="com.zircon.pharmacyApplicationTest.Prescription.Requirement_1_1_10" name="Should_IncreaseDuration_When_AddingTheSamePrescriptionItemWithDifferentDuration" time="0.0" />

      <testcase classname="com.zircon.pharmacyApplicationTest.Prescription.Requirement_1_1_10" name="Should_KeepSameDuration_When_AddingTheSamePrescriptionItemWithNegativeDuration" time="0.0" />

      <testcase classname="com.zircon.pharmacyApplicationTest.Prescription.Requirement_1_1_10" name="Should_KeepSameDuration_When_AddingTheSamePrescriptionItemWithNoDuration" time="0.0" />

      <testcase classname="com.zircon.pharmacyApplicationTest.Prescription.Requirement_1_1_11" name="Should_ChangeDailyDose_When_AddingTheSamePrescriptionItemWithFirstItemDifferentDailyDose" time="0.0" />

      <testcase classname="com.zircon.pharmacyApplicationTest.Prescription.Requirement_1_1_11" name="Should_ChangeDailyDose_When_AddingTheSamePrescriptionItemWithSecondItemDifferentDailyDose" time="0.0" />

      <testcase classname="com.zircon.pharmacyApplicationTest.Prescription.Requirement_1_1_11" name="Should_NotChangeDailyDose_When_AddingTheSamePrescriptionItem" time="0.0" />

      <system-out><![CDATA[]]></system-out>

      <system-err><![CDATA[]]></system-err>

  </testsuite>
</testsuites>
