<?xml version="1.0" encoding="UTF-8" ?>
<testsuite errors="0" failures="0" hostname="ZC161" name="com.zircon.pharmacyApplicationTest.Prescription.AllPrescriptionTests" skipped="0" tests="25" time="0.158" timestamp="2018-12-12T11:47:35">
  <properties>
[...]
</properties>
  <testcase classname="com.zircon.pharmacyApplicationTest.Prescription.Requirement_1_1_1" name="Should_AddOneItem_When_AddButtonIsPressed" time="0.002" />
  <testcase classname="com.zircon.pharmacyApplicationTest.Prescription.Requirement_1_1_1" name="Should_AddTwoItems_When_AddButtonIsPressed" time="0.0" />
  <testcase classname="com.zircon.pharmacyApplicationTest.Prescription.Requirement_1_1_2" name="Should_OnlyHaveOneItem_When_AddingTheSameItem" time="0.0" />
  <testcase classname="com.zircon.pharmacyApplicationTest.Prescription.Requirement_1_1_2" name="Should_OnlyHaveOneItem_When_AddingTheSameItemMultipleTimes" time="0.0" />
  <testcase classname="com.zircon.pharmacyApplicationTest.Prescription.Requirement_1_1_5" name="Should_NotRemoveItem_When_RemovingItemThatDoesNotExist" time="0.0" />
  <testcase classname="com.zircon.pharmacyApplicationTest.Prescription.Requirement_1_1_5" name="Should_RemoveOneItemFromListOfTwo_When_RemovingItem" time="0.0" />
  <testcase classname="com.zircon.pharmacyApplicationTest.Prescription.Requirement_1_1_5" name="Should_RemoveBothItemsFromListOfTwo_When_RemovingItem" time="0.0" />
  <testcase classname="com.zircon.pharmacyApplicationTest.Prescription.Requirement_1_1_5" name="SHould_RemoveOneItem_When_RemovingItem" time="0.001" />
  <testcase classname="com.zircon.pharmacyApplicationTest.Prescription.Requirement_1_1_6" name="Should_ClearTwoItems_When_ClearingItem" time="0.0" />
  <testcase classname="com.zircon.pharmacyApplicationTest.Prescription.Requirement_1_1_6" name="Should_ClearItem_When_ClearingItem" time="0.0" />
  <testcase classname="com.zircon.pharmacyApplicationTest.Prescription.Requirement_1_1_7" name="Should_ReturnNumberOfPrescriptionItemsOne_When_OneItem" time="0.0" />
  <testcase classname="com.zircon.pharmacyApplicationTest.Prescription.Requirement_1_1_7" name="Should_ReturnNumberOfPrescriptionItemsZero_When_ByDefault" time="0.0" />
  <testcase classname="com.zircon.pharmacyApplicationTest.Prescription.Requirement_1_1_7" name="Should_ReturnNumberOfPrescriptionItemsTwo_When_TwoItems" time="0.0" />
  <testcase classname="com.zircon.pharmacyApplicationTest.Prescription.Requirement_1_1_8" name="Should_ReturnNumberOfContainersItemsZero_When_ByDefault" time="0.0" />
  <testcase classname="com.zircon.pharmacyApplicationTest.Prescription.Requirement_1_1_8" name="Should_ReturnNumberOfContainersItemsTwo_When_TwoItems" time="0.0" />
  <testcase classname="com.zircon.pharmacyApplicationTest.Prescription.Requirement_1_1_8" name="Should_ReturnNumberOfContainersItemsOne_When_OneItem" time="0.0" />
  <testcase classname="com.zircon.pharmacyApplicationTest.Prescription.Requirement_1_1_9" name="Should_NotAddItem_With_NegativeDuration" time="0.0" />
  <testcase classname="com.zircon.pharmacyApplicationTest.Prescription.Requirement_1_1_9" name="Should_NotAddItem_With_ZeroDuration" time="0.0" />
  <testcase classname="com.zircon.pharmacyApplicationTest.Prescription.Requirement_1_1_10" name="Should_IncreaseDuration_When_AddingTheSamePrescriptionItem" time="0.001" />
  <testcase classname="com.zircon.pharmacyApplicationTest.Prescription.Requirement_1_1_10" name="Should_IncreaseDuration_When_AddingTheSamePrescriptionItemWithDifferentDuration" time="0.0" />
  <testcase classname="com.zircon.pharmacyApplicationTest.Prescription.Requirement_1_1_10" name="Should_KeepSameDuration_When_AddingTheSamePrescriptionItemWithNegativeDuration" time="0.0" />
  <testcase classname="com.zircon.pharmacyApplicationTest.Prescription.Requirement_1_1_10" name="Should_KeepSameDuration_When_AddingTheSamePrescriptionItemWithNoDuration" time="0.0" />
  <testcase classname="com.zircon.pharmacyApplicationTest.Prescription.Requirement_1_1_11" name="Should_ChangeDailyDose_When_AddingTheSamePrescriptionItemWithFirstItemDifferentDailyDose" time="0.0" />
  <testcase classname="com.zircon.pharmacyApplicationTest.Prescription.Requirement_1_1_11" name="Should_ChangeDailyDose_When_AddingTheSamePrescriptionItemWithSecondItemDifferentDailyDose" time="0.0" />
  <testcase classname="com.zircon.pharmacyApplicationTest.Prescription.Requirement_1_1_11" name="Should_NotChangeDailyDose_When_AddingTheSamePrescriptionItem" time="0.0" />
  <system-out><![CDATA[]]></system-out>
  <system-err><![CDATA[]]></system-err>
</testsuite>
